{"C:\\Users\\sdkam\\typescript-apps-portfolios\\MERN-portfolio1\\typescript-portfolio-2.0-update\\src\\App.tsx": {"path":"C:\\Users\\sdkam\\typescript-apps-portfolios\\MERN-portfolio1\\typescript-portfolio-2.0-update\\src\\App.tsx","statementMap":{"0":{"start":{"line":1,"column":0},"end":{"line":1,"column":46}},"1":{"start":{"line":2,"column":0},"end":{"line":2,"column":36}},"2":{"start":{"line":3,"column":0},"end":{"line":3,"column":50}},"3":{"start":{"line":4,"column":0},"end":{"line":4,"column":54}},"4":{"start":{"line":5,"column":0},"end":{"line":5,"column":60}},"5":{"start":{"line":6,"column":0},"end":{"line":6,"column":56}},"6":{"start":{"line":7,"column":0},"end":{"line":7,"column":50}},"7":{"start":{"line":8,"column":0},"end":{"line":8,"column":48}},"8":{"start":{"line":9,"column":0},"end":{"line":9,"column":42}},"9":{"start":{"line":10,"column":0},"end":{"line":10,"column":43}},"10":{"start":{"line":12,"column":0},"end":{"line":12,"column":41}},"11":{"start":{"line":13,"column":0},"end":{"line":13,"column":47}},"12":{"start":{"line":14,"column":0},"end":{"line":14,"column":55}},"13":{"start":{"line":15,"column":0},"end":{"line":15,"column":55}},"14":{"start":{"line":16,"column":0},"end":{"line":16,"column":53}},"15":{"start":{"line":18,"column":0},"end":{"line":18,"column":33}},"16":{"start":{"line":19,"column":0},"end":{"line":19,"column":56}},"17":{"start":{"line":20,"column":0},"end":{"line":20,"column":60}},"18":{"start":{"line":21,"column":0},"end":{"line":21,"column":54}},"19":{"start":{"line":22,"column":0},"end":{"line":22,"column":67}},"20":{"start":{"line":23,"column":0},"end":{"line":23,"column":57}},"21":{"start":{"line":24,"column":0},"end":{"line":24,"column":59}},"22":{"start":{"line":28,"column":15},"end":{"line":28,"column":41}},"23":{"start":{"line":29,"column":23},"end":{"line":29,"column":40}},"24":{"start":{"line":30,"column":19},"end":{"line":30,"column":35}},"25":{"start":{"line":31,"column":2},"end":{"line":35,"column":13}},"26":{"start":{"line":32,"column":4},"end":{"line":34,"column":5}},"27":{"start":{"line":33,"column":6},"end":{"line":33,"column":45}},"28":{"start":{"line":38,"column":2},"end":{"line":78,"column":null}},"29":{"start":{"line":81,"column":0},"end":{"line":81,"column":null}}},"fnMap":{"0":{"name":"App","decl":{"start":{"line":27,"column":9},"end":{"line":27,"column":12}},"loc":{"start":{"line":27,"column":12},"end":{"line":79,"column":1}}},"1":{"name":"(anonymous_1)","decl":{"start":{"line":31,"column":12},"end":{"line":31,"column":15}},"loc":{"start":{"line":31,"column":17},"end":{"line":35,"column":3}}}},"branchMap":{"0":{"loc":{"start":{"line":32,"column":4},"end":{"line":34,"column":5}},"type":"if","locations":[{"start":{"line":32,"column":4},"end":{"line":34,"column":5}}]}},"s":{"0":0,"1":0,"2":0,"3":0,"4":0,"5":0,"6":0,"7":0,"8":0,"9":0,"10":0,"11":0,"12":0,"13":0,"14":0,"15":0,"16":0,"17":0,"18":0,"19":0,"20":0,"21":0,"22":0,"23":0,"24":0,"25":0,"26":0,"27":0,"28":0,"29":0},"f":{"0":0,"1":0},"b":{"0":[0]}}
,"C:\\Users\\sdkam\\typescript-apps-portfolios\\MERN-portfolio1\\typescript-portfolio-2.0-update\\src\\api\\axios.ts": {"path":"C:\\Users\\sdkam\\typescript-apps-portfolios\\MERN-portfolio1\\typescript-portfolio-2.0-update\\src\\api\\axios.ts","statementMap":{"0":{"start":{"line":1,"column":0},"end":{"line":1,"column":25}},"1":{"start":{"line":4,"column":0},"end":{"line":6,"column":null}},"2":{"start":{"line":10,"column":13},"end":{"line":14,"column":null}}},"fnMap":{},"branchMap":{},"s":{"0":6,"1":6,"2":6},"f":{},"b":{}}
,"C:\\Users\\sdkam\\typescript-apps-portfolios\\MERN-portfolio1\\typescript-portfolio-2.0-update\\src\\app\\hooks.ts": {"path":"C:\\Users\\sdkam\\typescript-apps-portfolios\\MERN-portfolio1\\typescript-portfolio-2.0-update\\src\\app\\hooks.ts","statementMap":{"0":{"start":{"line":1,"column":0},"end":{"line":1,"column":55}},"1":{"start":{"line":5,"column":13},"end":{"line":5,"column":null}},"2":{"start":{"line":6,"column":13},"end":{"line":6,"column":null}}},"fnMap":{},"branchMap":{},"s":{"0":4,"1":4,"2":4},"f":{},"b":{}}
,"C:\\Users\\sdkam\\typescript-apps-portfolios\\MERN-portfolio1\\typescript-portfolio-2.0-update\\src\\app\\store.ts": {"path":"C:\\Users\\sdkam\\typescript-apps-portfolios\\MERN-portfolio1\\typescript-portfolio-2.0-update\\src\\app\\store.ts","statementMap":{"0":{"start":{"line":1,"column":0},"end":{"line":1,"column":50}},"1":{"start":{"line":2,"column":0},"end":{"line":2,"column":55}},"2":{"start":{"line":3,"column":0},"end":{"line":3,"column":55}},"3":{"start":{"line":4,"column":0},"end":{"line":4,"column":52}},"4":{"start":{"line":6,"column":13},"end":{"line":13,"column":null}}},"fnMap":{},"branchMap":{},"s":{"0":0,"1":0,"2":0,"3":0,"4":0},"f":{},"b":{}}
,"C:\\Users\\sdkam\\typescript-apps-portfolios\\MERN-portfolio1\\typescript-portfolio-2.0-update\\src\\features\\admin\\Admin.tsx": {"path":"C:\\Users\\sdkam\\typescript-apps-portfolios\\MERN-portfolio1\\typescript-portfolio-2.0-update\\src\\features\\admin\\Admin.tsx","statementMap":{"0":{"start":{"line":1,"column":0},"end":{"line":1,"column":40}},"1":{"start":{"line":2,"column":0},"end":{"line":2,"column":65}},"2":{"start":{"line":3,"column":0},"end":{"line":3,"column":65}},"3":{"start":{"line":5,"column":0},"end":{"line":5,"column":60}},"4":{"start":{"line":8,"column":14},"end":{"line":34,"column":1}},"5":{"start":{"line":9,"column":18},"end":{"line":9,"column":48}},"6":{"start":{"line":11,"column":25},"end":{"line":11,"column":42}},"7":{"start":{"line":12,"column":21},"end":{"line":12,"column":37}},"8":{"start":{"line":14,"column":22},"end":{"line":21,"column":6}},"9":{"start":{"line":15,"column":8},"end":{"line":20,"column":null}},"10":{"start":{"line":18,"column":39},"end":{"line":18,"column":103}},"11":{"start":{"line":23,"column":4},"end":{"line":33,"column":null}},"12":{"start":{"line":36,"column":0},"end":{"line":36,"column":null}}},"fnMap":{"0":{"name":"(anonymous_0)","decl":{"start":{"line":8,"column":14},"end":{"line":8,"column":17}},"loc":{"start":{"line":8,"column":19},"end":{"line":34,"column":1}}},"1":{"name":"(anonymous_1)","decl":{"start":{"line":14,"column":32},"end":{"line":14,"column":36}},"loc":{"start":{"line":14,"column":39},"end":{"line":21,"column":5}}},"2":{"name":"(anonymous_2)","decl":{"start":{"line":18,"column":33},"end":{"line":18,"column":36}},"loc":{"start":{"line":18,"column":39},"end":{"line":18,"column":103}}}},"branchMap":{},"s":{"0":1,"1":1,"2":1,"3":1,"4":1,"5":4,"6":4,"7":4,"8":4,"9":7,"10":1,"11":4,"12":1},"f":{"0":4,"1":7,"2":1},"b":{}}
,"C:\\Users\\sdkam\\typescript-apps-portfolios\\MERN-portfolio1\\typescript-portfolio-2.0-update\\src\\features\\auth\\Forgetpassword.tsx": {"path":"C:\\Users\\sdkam\\typescript-apps-portfolios\\MERN-portfolio1\\typescript-portfolio-2.0-update\\src\\features\\auth\\Forgetpassword.tsx","statementMap":{"0":{"start":{"line":1,"column":2},"end":{"line":1,"column":35}},"1":{"start":{"line":2,"column":2},"end":{"line":2,"column":44}},"2":{"start":{"line":3,"column":2},"end":{"line":3,"column":38}},"3":{"start":{"line":4,"column":2},"end":{"line":4,"column":37}},"4":{"start":{"line":5,"column":2},"end":{"line":5,"column":42}},"5":{"start":{"line":11,"column":25},"end":{"line":67,"column":3}},"6":{"start":{"line":17,"column":8},"end":{"line":17,"column":31}},"7":{"start":{"line":18,"column":34},"end":{"line":18,"column":46}},"8":{"start":{"line":19,"column":21},"end":{"line":31,"column":5}},"9":{"start":{"line":20,"column":6},"end":{"line":30,"column":7}},"10":{"start":{"line":21,"column":25},"end":{"line":21,"column":71}},"11":{"start":{"line":22,"column":8},"end":{"line":22,"column":16}},"12":{"start":{"line":23,"column":8},"end":{"line":23,"column":42}},"13":{"start":{"line":25,"column":8},"end":{"line":29,"column":9}},"14":{"start":{"line":26,"column":10},"end":{"line":26,"column":79}},"15":{"start":{"line":28,"column":10},"end":{"line":28,"column":73}},"16":{"start":{"line":33,"column":4},"end":{"line":66,"column":6}},"17":{"start":{"line":69,"column":2},"end":{"line":69,"column":32}}},"fnMap":{"0":{"name":"(anonymous_0)","decl":{"start":{"line":11,"column":25},"end":{"line":11,"column":28}},"loc":{"start":{"line":11,"column":30},"end":{"line":67,"column":3}}},"1":{"name":"(anonymous_1)","decl":{"start":{"line":19,"column":21},"end":{"line":19,"column":26}},"loc":{"start":{"line":19,"column":50},"end":{"line":31,"column":5}}}},"branchMap":{"0":{"loc":{"start":{"line":25,"column":8},"end":{"line":29,"column":9}},"type":"if","locations":[{"start":{"line":25,"column":8},"end":{"line":29,"column":9}},{"start":{"line":27,"column":15},"end":{"line":29,"column":9}}]},"1":{"loc":{"start":{"line":44,"column":13},"end":{"line":44,"column":64}},"type":"binary-expr","locations":[{"start":{"line":44,"column":13},"end":{"line":44,"column":28}},{"start":{"line":44,"column":32},"end":{"line":44,"column":64}}]},"2":{"loc":{"start":{"line":55,"column":13},"end":{"line":55,"column":58}},"type":"binary-expr","locations":[{"start":{"line":55,"column":13},"end":{"line":55,"column":25}},{"start":{"line":55,"column":29},"end":{"line":55,"column":58}}]}},"s":{"0":1,"1":1,"2":1,"3":1,"4":1,"5":1,"6":5,"7":5,"8":5,"9":2,"10":2,"11":1,"12":1,"13":1,"14":0,"15":1,"16":5,"17":1},"f":{"0":5,"1":2},"b":{"0":[0,1],"1":[5,0],"2":[5,0]}}
,"C:\\Users\\sdkam\\typescript-apps-portfolios\\MERN-portfolio1\\typescript-portfolio-2.0-update\\src\\features\\auth\\Login.tsx": {"path":"C:\\Users\\sdkam\\typescript-apps-portfolios\\MERN-portfolio1\\typescript-portfolio-2.0-update\\src\\features\\auth\\Login.tsx","statementMap":{"0":{"start":{"line":1,"column":0},"end":{"line":1,"column":36}},"1":{"start":{"line":2,"column":0},"end":{"line":2,"column":66}},"2":{"start":{"line":3,"column":0},"end":{"line":3,"column":58}},"3":{"start":{"line":4,"column":0},"end":{"line":4,"column":35}},"4":{"start":{"line":6,"column":0},"end":{"line":6,"column":49}},"5":{"start":{"line":7,"column":0},"end":{"line":7,"column":38}},"6":{"start":{"line":9,"column":0},"end":{"line":9,"column":42}},"7":{"start":{"line":10,"column":0},"end":{"line":10,"column":59}},"8":{"start":{"line":11,"column":0},"end":{"line":11,"column":54}},"9":{"start":{"line":12,"column":0},"end":{"line":12,"column":33}},"10":{"start":{"line":13,"column":0},"end":{"line":13,"column":66}},"11":{"start":{"line":15,"column":14},"end":{"line":134,"column":1}},"12":{"start":{"line":16,"column":28},"end":{"line":16,"column":69}},"13":{"start":{"line":17,"column":19},"end":{"line":17,"column":32}},"14":{"start":{"line":18,"column":19},"end":{"line":18,"column":32}},"15":{"start":{"line":19,"column":15},"end":{"line":19,"column":52}},"16":{"start":{"line":20,"column":19},"end":{"line":20,"column":35}},"17":{"start":{"line":27,"column":6},"end":{"line":29,"column":4}},"18":{"start":{"line":30,"column":32},"end":{"line":30,"column":44}},"19":{"start":{"line":32,"column":4},"end":{"line":32,"column":25}},"20":{"start":{"line":34,"column":19},"end":{"line":64,"column":3}},"21":{"start":{"line":35,"column":4},"end":{"line":63,"column":5}},"22":{"start":{"line":36,"column":23},"end":{"line":39,"column":8}},"23":{"start":{"line":40,"column":6},"end":{"line":40,"column":50}},"24":{"start":{"line":42,"column":26},"end":{"line":42,"column":53}},"25":{"start":{"line":43,"column":6},"end":{"line":43,"column":54}},"26":{"start":{"line":44,"column":20},"end":{"line":44,"column":41}},"27":{"start":{"line":45,"column":6},"end":{"line":45,"column":69}},"28":{"start":{"line":46,"column":6},"end":{"line":46,"column":14}},"29":{"start":{"line":48,"column":6},"end":{"line":48,"column":40}},"30":{"start":{"line":50,"column":6},"end":{"line":62,"column":7}},"31":{"start":{"line":51,"column":8},"end":{"line":59,"column":9}},"32":{"start":{"line":52,"column":10},"end":{"line":52,"column":43}},"33":{"start":{"line":53,"column":15},"end":{"line":59,"column":9}},"34":{"start":{"line":54,"column":10},"end":{"line":54,"column":48}},"35":{"start":{"line":55,"column":15},"end":{"line":59,"column":9}},"36":{"start":{"line":56,"column":10},"end":{"line":56,"column":48}},"37":{"start":{"line":58,"column":10},"end":{"line":58,"column":44}},"38":{"start":{"line":61,"column":8},"end":{"line":61,"column":71}},"39":{"start":{"line":66,"column":2},"end":{"line":133,"column":4}},"40":{"start":{"line":106,"column":28},"end":{"line":106,"column":53}},"41":{"start":{"line":106,"column":47},"end":{"line":106,"column":52}},"42":{"start":{"line":136,"column":0},"end":{"line":136,"column":21}}},"fnMap":{"0":{"name":"(anonymous_0)","decl":{"start":{"line":15,"column":14},"end":{"line":15,"column":17}},"loc":{"start":{"line":15,"column":19},"end":{"line":134,"column":1}}},"1":{"name":"(anonymous_1)","decl":{"start":{"line":34,"column":19},"end":{"line":34,"column":24}},"loc":{"start":{"line":34,"column":47},"end":{"line":64,"column":3}}},"2":{"name":"(anonymous_2)","decl":{"start":{"line":106,"column":22},"end":{"line":106,"column":25}},"loc":{"start":{"line":106,"column":28},"end":{"line":106,"column":53}}},"3":{"name":"(anonymous_3)","decl":{"start":{"line":106,"column":37},"end":{"line":106,"column":38}},"loc":{"start":{"line":106,"column":47},"end":{"line":106,"column":52}}}},"branchMap":{"0":{"loc":{"start":{"line":19,"column":15},"end":{"line":19,"column":52}},"type":"binary-expr","locations":[{"start":{"line":19,"column":15},"end":{"line":19,"column":45}},{"start":{"line":19,"column":49},"end":{"line":19,"column":52}}]},"1":{"loc":{"start":{"line":50,"column":6},"end":{"line":62,"column":7}},"type":"if","locations":[{"start":{"line":50,"column":6},"end":{"line":62,"column":7}},{"start":{"line":60,"column":13},"end":{"line":62,"column":7}}]},"2":{"loc":{"start":{"line":51,"column":8},"end":{"line":59,"column":9}},"type":"if","locations":[{"start":{"line":51,"column":8},"end":{"line":59,"column":9}},{"start":{"line":53,"column":15},"end":{"line":59,"column":9}}]},"3":{"loc":{"start":{"line":53,"column":15},"end":{"line":59,"column":9}},"type":"if","locations":[{"start":{"line":53,"column":15},"end":{"line":59,"column":9}},{"start":{"line":55,"column":15},"end":{"line":59,"column":9}}]},"4":{"loc":{"start":{"line":55,"column":15},"end":{"line":59,"column":9}},"type":"if","locations":[{"start":{"line":55,"column":15},"end":{"line":59,"column":9}},{"start":{"line":57,"column":15},"end":{"line":59,"column":9}}]},"5":{"loc":{"start":{"line":79,"column":11},"end":{"line":79,"column":54}},"type":"binary-expr","locations":[{"start":{"line":79,"column":11},"end":{"line":79,"column":22}},{"start":{"line":79,"column":26},"end":{"line":79,"column":54}}]},"6":{"loc":{"start":{"line":85,"column":20},"end":{"line":85,"column":54}},"type":"cond-expr","locations":[{"start":{"line":85,"column":35},"end":{"line":85,"column":41}},{"start":{"line":85,"column":44},"end":{"line":85,"column":54}}]},"7":{"loc":{"start":{"line":97,"column":15},"end":{"line":97,"column":41}},"type":"cond-expr","locations":[{"start":{"line":97,"column":30},"end":{"line":97,"column":33}},{"start":{"line":97,"column":36},"end":{"line":97,"column":41}}]},"8":{"loc":{"start":{"line":100,"column":11},"end":{"line":100,"column":52}},"type":"binary-expr","locations":[{"start":{"line":100,"column":11},"end":{"line":100,"column":21}},{"start":{"line":100,"column":25},"end":{"line":100,"column":52}}]}},"s":{"0":1,"1":1,"2":1,"3":1,"4":1,"5":1,"6":1,"7":1,"8":1,"9":1,"10":1,"11":1,"12":2,"13":2,"14":2,"15":2,"16":2,"17":2,"18":2,"19":2,"20":2,"21":1,"22":1,"23":1,"24":1,"25":1,"26":1,"27":1,"28":1,"29":1,"30":0,"31":0,"32":0,"33":0,"34":0,"35":0,"36":0,"37":0,"38":0,"39":2,"40":0,"41":0,"42":1},"f":{"0":2,"1":1,"2":0,"3":0},"b":{"0":[2,0],"1":[0,0],"2":[0,0],"3":[0,0],"4":[0,0],"5":[2,0],"6":[0,2],"7":[0,2],"8":[2,0]}}
,"C:\\Users\\sdkam\\typescript-apps-portfolios\\MERN-portfolio1\\typescript-portfolio-2.0-update\\src\\features\\auth\\PersistLogin.tsx": {"path":"C:\\Users\\sdkam\\typescript-apps-portfolios\\MERN-portfolio1\\typescript-portfolio-2.0-update\\src\\features\\auth\\PersistLogin.tsx","statementMap":{"0":{"start":{"line":1,"column":0},"end":{"line":1,"column":42}},"1":{"start":{"line":2,"column":0},"end":{"line":2,"column":44}},"2":{"start":{"line":3,"column":0},"end":{"line":3,"column":54}},"3":{"start":{"line":5,"column":0},"end":{"line":5,"column":58}},"4":{"start":{"line":6,"column":0},"end":{"line":6,"column":49}},"5":{"start":{"line":7,"column":0},"end":{"line":7,"column":41}},"6":{"start":{"line":9,"column":21},"end":{"line":59,"column":1}},"7":{"start":{"line":10,"column":36},"end":{"line":10,"column":50}},"8":{"start":{"line":11,"column":18},"end":{"line":11,"column":35}},"9":{"start":{"line":13,"column":15},"end":{"line":13,"column":41}},"10":{"start":{"line":14,"column":20},"end":{"line":14,"column":53}},"11":{"start":{"line":15,"column":2},"end":{"line":15,"column":null}},"12":{"start":{"line":17,"column":2},"end":{"line":37,"column":9}},"13":{"start":{"line":18,"column":20},"end":{"line":18,"column":24}},"14":{"start":{"line":19,"column":31},"end":{"line":27,"column":5}},"15":{"start":{"line":20,"column":6},"end":{"line":26,"column":7}},"16":{"start":{"line":21,"column":8},"end":{"line":21,"column":24}},"17":{"start":{"line":23,"column":8},"end":{"line":23,"column":27}},"18":{"start":{"line":25,"column":8},"end":{"line":25,"column":41}},"19":{"start":{"line":28,"column":4},"end":{"line":32,"column":5}},"20":{"start":{"line":29,"column":6},"end":{"line":29,"column":70}},"21":{"start":{"line":31,"column":6},"end":{"line":31,"column":26}},"22":{"start":{"line":34,"column":4},"end":{"line":36,"column":6}},"23":{"start":{"line":35,"column":6},"end":{"line":35,"column":24}},"24":{"start":{"line":39,"column":2},"end":{"line":42,"column":18}},"25":{"start":{"line":40,"column":4},"end":{"line":40,"column":42}},"26":{"start":{"line":41,"column":4},"end":{"line":41,"column":59}},"27":{"start":{"line":44,"column":2},"end":{"line":58,"column":4}},"28":{"start":{"line":61,"column":0},"end":{"line":61,"column":28}}},"fnMap":{"0":{"name":"(anonymous_0)","decl":{"start":{"line":9,"column":21},"end":{"line":9,"column":24}},"loc":{"start":{"line":9,"column":26},"end":{"line":59,"column":1}}},"1":{"name":"(anonymous_1)","decl":{"start":{"line":17,"column":12},"end":{"line":17,"column":15}},"loc":{"start":{"line":17,"column":17},"end":{"line":37,"column":3}}},"2":{"name":"(anonymous_2)","decl":{"start":{"line":19,"column":31},"end":{"line":19,"column":36}},"loc":{"start":{"line":19,"column":42},"end":{"line":27,"column":5}}},"3":{"name":"(anonymous_3)","decl":{"start":{"line":34,"column":11},"end":{"line":34,"column":14}},"loc":{"start":{"line":34,"column":16},"end":{"line":36,"column":5}}},"4":{"name":"(anonymous_4)","decl":{"start":{"line":39,"column":12},"end":{"line":39,"column":15}},"loc":{"start":{"line":39,"column":17},"end":{"line":42,"column":3}}}},"branchMap":{"0":{"loc":{"start":{"line":25,"column":8},"end":{"line":25,"column":40}},"type":"binary-expr","locations":[{"start":{"line":25,"column":8},"end":{"line":25,"column":17}},{"start":{"line":25,"column":21},"end":{"line":25,"column":40}}]},"1":{"loc":{"start":{"line":28,"column":4},"end":{"line":32,"column":5}},"type":"if","locations":[{"start":{"line":28,"column":4},"end":{"line":32,"column":5}},{"start":{"line":30,"column":11},"end":{"line":32,"column":5}}]},"2":{"loc":{"start":{"line":29,"column":6},"end":{"line":29,"column":69}},"type":"cond-expr","locations":[{"start":{"line":29,"column":27},"end":{"line":29,"column":47}},{"start":{"line":29,"column":50},"end":{"line":29,"column":69}}]},"3":{"loc":{"start":{"line":46,"column":7},"end":{"line":55,"column":null}},"type":"cond-expr","locations":[{"start":{"line":47,"column":8},"end":{"line":47,"column":18}},{"start":{"line":48,"column":10},"end":{"line":55,"column":null}}]},"4":{"loc":{"start":{"line":48,"column":10},"end":{"line":55,"column":null}},"type":"cond-expr","locations":[{"start":{"line":49,"column":8},"end":{"line":50,"column":null}},{"start":{"line":55,"column":8},"end":{"line":55,"column":18}}]}},"s":{"0":1,"1":1,"2":1,"3":1,"4":1,"5":1,"6":1,"7":4,"8":4,"9":4,"10":4,"11":4,"12":4,"13":2,"14":2,"15":1,"16":1,"17":1,"18":1,"19":2,"20":1,"21":1,"22":2,"23":2,"24":4,"25":4,"26":4,"27":4,"28":1},"f":{"0":4,"1":2,"2":1,"3":2,"4":4},"b":{"0":[1,1],"1":[1,1],"2":[1,0],"3":[2,2],"4":[1,1]}}
,"C:\\Users\\sdkam\\typescript-apps-portfolios\\MERN-portfolio1\\typescript-portfolio-2.0-update\\src\\features\\auth\\Register.tsx": {"path":"C:\\Users\\sdkam\\typescript-apps-portfolios\\MERN-portfolio1\\typescript-portfolio-2.0-update\\src\\features\\auth\\Register.tsx","statementMap":{"0":{"start":{"line":1,"column":0},"end":{"line":1,"column":33}},"1":{"start":{"line":2,"column":0},"end":{"line":2,"column":36}},"2":{"start":{"line":3,"column":0},"end":{"line":3,"column":35}},"3":{"start":{"line":4,"column":0},"end":{"line":4,"column":40}},"4":{"start":{"line":5,"column":0},"end":{"line":5,"column":42}},"5":{"start":{"line":6,"column":0},"end":{"line":6,"column":65}},"6":{"start":{"line":7,"column":0},"end":{"line":7,"column":54}},"7":{"start":{"line":8,"column":0},"end":{"line":8,"column":66}},"8":{"start":{"line":10,"column":17},"end":{"line":140,"column":1}},"9":{"start":{"line":11,"column":32},"end":{"line":11,"column":47}},"10":{"start":{"line":18,"column":6},"end":{"line":20,"column":4}},"11":{"start":{"line":21,"column":32},"end":{"line":21,"column":44}},"12":{"start":{"line":27,"column":6},"end":{"line":27,"column":27}},"13":{"start":{"line":33,"column":6},"end":{"line":33,"column":27}},"14":{"start":{"line":35,"column":19},"end":{"line":51,"column":3}},"15":{"start":{"line":36,"column":4},"end":{"line":50,"column":5}},"16":{"start":{"line":37,"column":23},"end":{"line":40,"column":8}},"17":{"start":{"line":41,"column":6},"end":{"line":41,"column":67}},"18":{"start":{"line":42,"column":6},"end":{"line":42,"column":23}},"19":{"start":{"line":43,"column":6},"end":{"line":43,"column":14}},"20":{"start":{"line":45,"column":6},"end":{"line":49,"column":7}},"21":{"start":{"line":46,"column":8},"end":{"line":46,"column":78}},"22":{"start":{"line":48,"column":8},"end":{"line":48,"column":51}},"23":{"start":{"line":53,"column":2},"end":{"line":139,"column":4}},"24":{"start":{"line":142,"column":0},"end":{"line":142,"column":24}}},"fnMap":{"0":{"name":"(anonymous_0)","decl":{"start":{"line":10,"column":17},"end":{"line":10,"column":20}},"loc":{"start":{"line":10,"column":22},"end":{"line":140,"column":1}}},"1":{"name":"(anonymous_1)","decl":{"start":{"line":35,"column":19},"end":{"line":35,"column":24}},"loc":{"start":{"line":35,"column":50},"end":{"line":51,"column":3}}}},"branchMap":{"0":{"loc":{"start":{"line":45,"column":6},"end":{"line":49,"column":7}},"type":"if","locations":[{"start":{"line":45,"column":6},"end":{"line":49,"column":7}},{"start":{"line":47,"column":13},"end":{"line":49,"column":7}}]},"1":{"loc":{"start":{"line":55,"column":7},"end":{"line":136,"column":null}},"type":"cond-expr","locations":[{"start":{"line":56,"column":8},"end":{"line":60,"column":null}},{"start":{"line":63,"column":8},"end":{"line":135,"column":null}}]},"2":{"loc":{"start":{"line":75,"column":15},"end":{"line":75,"column":58}},"type":"binary-expr","locations":[{"start":{"line":75,"column":15},"end":{"line":75,"column":26}},{"start":{"line":75,"column":30},"end":{"line":75,"column":58}}]},"3":{"loc":{"start":{"line":81,"column":24},"end":{"line":81,"column":59}},"type":"cond-expr","locations":[{"start":{"line":81,"column":40},"end":{"line":81,"column":46}},{"start":{"line":81,"column":49},"end":{"line":81,"column":59}}]},"4":{"loc":{"start":{"line":93,"column":19},"end":{"line":93,"column":46}},"type":"cond-expr","locations":[{"start":{"line":93,"column":35},"end":{"line":93,"column":38}},{"start":{"line":93,"column":41},"end":{"line":93,"column":46}}]},"5":{"loc":{"start":{"line":96,"column":15},"end":{"line":96,"column":56}},"type":"binary-expr","locations":[{"start":{"line":96,"column":15},"end":{"line":96,"column":25}},{"start":{"line":96,"column":29},"end":{"line":96,"column":56}}]},"6":{"loc":{"start":{"line":102,"column":24},"end":{"line":102,"column":59}},"type":"cond-expr","locations":[{"start":{"line":102,"column":40},"end":{"line":102,"column":46}},{"start":{"line":102,"column":49},"end":{"line":102,"column":59}}]},"7":{"loc":{"start":{"line":114,"column":19},"end":{"line":114,"column":46}},"type":"cond-expr","locations":[{"start":{"line":114,"column":35},"end":{"line":114,"column":38}},{"start":{"line":114,"column":41},"end":{"line":114,"column":46}}]},"8":{"loc":{"start":{"line":117,"column":15},"end":{"line":117,"column":66}},"type":"binary-expr","locations":[{"start":{"line":117,"column":15},"end":{"line":117,"column":30}},{"start":{"line":117,"column":34},"end":{"line":117,"column":66}}]}},"s":{"0":1,"1":1,"2":1,"3":1,"4":1,"5":1,"6":1,"7":1,"8":1,"9":4,"10":4,"11":4,"12":4,"13":4,"14":4,"15":2,"16":2,"17":1,"18":1,"19":1,"20":1,"21":0,"22":1,"23":4,"24":1},"f":{"0":4,"1":2},"b":{"0":[0,1],"1":[1,3],"2":[3,0],"3":[0,3],"4":[0,3],"5":[3,0],"6":[0,3],"7":[0,3],"8":[3,0]}}
,"C:\\Users\\sdkam\\typescript-apps-portfolios\\MERN-portfolio1\\typescript-portfolio-2.0-update\\src\\features\\auth\\RequireAuth.tsx": {"path":"C:\\Users\\sdkam\\typescript-apps-portfolios\\MERN-portfolio1\\typescript-portfolio-2.0-update\\src\\features\\auth\\RequireAuth.tsx","statementMap":{"0":{"start":{"line":1,"column":0},"end":{"line":1,"column":65}},"1":{"start":{"line":2,"column":0},"end":{"line":2,"column":49}},"2":{"start":{"line":3,"column":0},"end":{"line":3,"column":41}},"3":{"start":{"line":8,"column":20},"end":{"line":19,"column":1}},"4":{"start":{"line":9,"column":15},"end":{"line":9,"column":41}},"5":{"start":{"line":10,"column":19},"end":{"line":10,"column":32}},"6":{"start":{"line":12,"column":2},"end":{"line":18,"column":4}},"7":{"start":{"line":12,"column":37},"end":{"line":12,"column":65}},"8":{"start":{"line":21,"column":0},"end":{"line":21,"column":27}}},"fnMap":{"0":{"name":"(anonymous_0)","decl":{"start":{"line":8,"column":20},"end":{"line":8,"column":21}},"loc":{"start":{"line":8,"column":59},"end":{"line":19,"column":1}}},"1":{"name":"(anonymous_1)","decl":{"start":{"line":12,"column":27},"end":{"line":12,"column":28}},"loc":{"start":{"line":12,"column":37},"end":{"line":12,"column":65}}}},"branchMap":{"0":{"loc":{"start":{"line":12,"column":9},"end":{"line":17,"column":null}},"type":"cond-expr","locations":[{"start":{"line":13,"column":4},"end":{"line":13,"column":14}},{"start":{"line":14,"column":6},"end":{"line":17,"column":null}}]},"1":{"loc":{"start":{"line":14,"column":6},"end":{"line":17,"column":null}},"type":"cond-expr","locations":[{"start":{"line":15,"column":4},"end":{"line":15,"column":70}},{"start":{"line":17,"column":4},"end":{"line":17,"column":63}}]}},"s":{"0":1,"1":1,"2":1,"3":1,"4":3,"5":3,"6":3,"7":2,"8":1},"f":{"0":3,"1":2},"b":{"0":[1,2],"1":[1,1]}}
,"C:\\Users\\sdkam\\typescript-apps-portfolios\\MERN-portfolio1\\typescript-portfolio-2.0-update\\src\\features\\auth\\ResetPassword.tsx": {"path":"C:\\Users\\sdkam\\typescript-apps-portfolios\\MERN-portfolio1\\typescript-portfolio-2.0-update\\src\\features\\auth\\ResetPassword.tsx","statementMap":{"0":{"start":{"line":1,"column":0},"end":{"line":1,"column":33}},"1":{"start":{"line":2,"column":0},"end":{"line":2,"column":42}},"2":{"start":{"line":3,"column":0},"end":{"line":3,"column":41}},"3":{"start":{"line":4,"column":0},"end":{"line":4,"column":36}},"4":{"start":{"line":5,"column":0},"end":{"line":5,"column":35}},"5":{"start":{"line":6,"column":0},"end":{"line":6,"column":40}},"6":{"start":{"line":7,"column":0},"end":{"line":7,"column":66}},"7":{"start":{"line":16,"column":22},"end":{"line":81,"column":1}},"8":{"start":{"line":17,"column":20},"end":{"line":17,"column":45}},"9":{"start":{"line":18,"column":2},"end":{"line":18,"column":21}},"10":{"start":{"line":24,"column":6},"end":{"line":24,"column":29}},"11":{"start":{"line":25,"column":32},"end":{"line":25,"column":44}},"12":{"start":{"line":26,"column":48},"end":{"line":26,"column":63}},"13":{"start":{"line":28,"column":4},"end":{"line":28,"column":25}},"14":{"start":{"line":30,"column":19},"end":{"line":43,"column":3}},"15":{"start":{"line":31,"column":4},"end":{"line":42,"column":5}},"16":{"start":{"line":32,"column":23},"end":{"line":32,"column":77}},"17":{"start":{"line":33,"column":6},"end":{"line":33,"column":14}},"18":{"start":{"line":34,"column":6},"end":{"line":34,"column":67}},"19":{"start":{"line":35,"column":6},"end":{"line":35,"column":31}},"20":{"start":{"line":37,"column":6},"end":{"line":41,"column":7}},"21":{"start":{"line":38,"column":8},"end":{"line":38,"column":77}},"22":{"start":{"line":40,"column":8},"end":{"line":40,"column":71}},"23":{"start":{"line":45,"column":2},"end":{"line":80,"column":4}},"24":{"start":{"line":83,"column":0},"end":{"line":83,"column":29}}},"fnMap":{"0":{"name":"(anonymous_0)","decl":{"start":{"line":16,"column":22},"end":{"line":16,"column":25}},"loc":{"start":{"line":16,"column":27},"end":{"line":81,"column":1}}},"1":{"name":"(anonymous_1)","decl":{"start":{"line":30,"column":19},"end":{"line":30,"column":24}},"loc":{"start":{"line":30,"column":48},"end":{"line":43,"column":3}}}},"branchMap":{"0":{"loc":{"start":{"line":37,"column":6},"end":{"line":41,"column":7}},"type":"if","locations":[{"start":{"line":37,"column":6},"end":{"line":41,"column":7}},{"start":{"line":39,"column":13},"end":{"line":41,"column":7}}]},"1":{"loc":{"start":{"line":53,"column":20},"end":{"line":53,"column":54}},"type":"cond-expr","locations":[{"start":{"line":53,"column":35},"end":{"line":53,"column":41}},{"start":{"line":53,"column":44},"end":{"line":53,"column":54}}]},"2":{"loc":{"start":{"line":64,"column":15},"end":{"line":64,"column":41}},"type":"cond-expr","locations":[{"start":{"line":64,"column":30},"end":{"line":64,"column":33}},{"start":{"line":64,"column":36},"end":{"line":64,"column":41}}]},"3":{"loc":{"start":{"line":67,"column":11},"end":{"line":67,"column":62}},"type":"binary-expr","locations":[{"start":{"line":67,"column":11},"end":{"line":67,"column":26}},{"start":{"line":67,"column":30},"end":{"line":67,"column":62}}]},"4":{"loc":{"start":{"line":74,"column":7},"end":{"line":77,"column":null}},"type":"binary-expr","locations":[{"start":{"line":74,"column":7},"end":{"line":74,"column":22}},{"start":{"line":75,"column":8},"end":{"line":76,"column":null}}]}},"s":{"0":1,"1":1,"2":1,"3":1,"4":1,"5":1,"6":1,"7":1,"8":4,"9":4,"10":4,"11":4,"12":4,"13":4,"14":4,"15":2,"16":2,"17":1,"18":1,"19":1,"20":1,"21":0,"22":1,"23":4,"24":1},"f":{"0":4,"1":2},"b":{"0":[0,1],"1":[0,4],"2":[0,4],"3":[4,0],"4":[4,1]}}
,"C:\\Users\\sdkam\\typescript-apps-portfolios\\MERN-portfolio1\\typescript-portfolio-2.0-update\\src\\features\\auth\\Unauthorized.tsx": {"path":"C:\\Users\\sdkam\\typescript-apps-portfolios\\MERN-portfolio1\\typescript-portfolio-2.0-update\\src\\features\\auth\\Unauthorized.tsx","statementMap":{"0":{"start":{"line":1,"column":0},"end":{"line":1,"column":47}},"1":{"start":{"line":3,"column":21},"end":{"line":19,"column":1}},"2":{"start":{"line":4,"column":19},"end":{"line":4,"column":32}},"3":{"start":{"line":6,"column":2},"end":{"line":18,"column":4}},"4":{"start":{"line":15,"column":31},"end":{"line":15,"column":43}},"5":{"start":{"line":21,"column":0},"end":{"line":21,"column":28}}},"fnMap":{"0":{"name":"(anonymous_0)","decl":{"start":{"line":3,"column":21},"end":{"line":3,"column":24}},"loc":{"start":{"line":3,"column":26},"end":{"line":19,"column":1}}},"1":{"name":"(anonymous_1)","decl":{"start":{"line":15,"column":25},"end":{"line":15,"column":28}},"loc":{"start":{"line":15,"column":31},"end":{"line":15,"column":43}}}},"branchMap":{},"s":{"0":1,"1":1,"2":1,"3":1,"4":1,"5":1},"f":{"0":1,"1":1},"b":{}}
,"C:\\Users\\sdkam\\typescript-apps-portfolios\\MERN-portfolio1\\typescript-portfolio-2.0-update\\src\\features\\auth\\authSlice.ts": {"path":"C:\\Users\\sdkam\\typescript-apps-portfolios\\MERN-portfolio1\\typescript-portfolio-2.0-update\\src\\features\\auth\\authSlice.ts","statementMap":{"0":{"start":{"line":1,"column":0},"end":{"line":1,"column":62}},"1":{"start":{"line":9,"column":42},"end":{"line":13,"column":null}},"2":{"start":{"line":15,"column":18},"end":{"line":37,"column":2}},"3":{"start":{"line":20,"column":47},"end":{"line":20,"column":61}},"4":{"start":{"line":21,"column":6},"end":{"line":26,"column":null}},"5":{"start":{"line":29,"column":6},"end":{"line":34,"column":null}},"6":{"start":{"line":39,"column":26},"end":{"line":39,"column":57}},"7":{"start":{"line":39,"column":47},"end":{"line":39,"column":57}},"8":{"start":{"line":39,"column":13},"end":{"line":39,"column":26}},"9":{"start":{"line":41,"column":13},"end":{"line":41,"column":36}},"10":{"start":{"line":42,"column":0},"end":{"line":42,"column":null}}},"fnMap":{"0":{"name":"(anonymous_0)","decl":{"start":{"line":19,"column":12},"end":{"line":19,"column":13}},"loc":{"start":{"line":19,"column":66},"end":{"line":27,"column":5}}},"1":{"name":"(anonymous_1)","decl":{"start":{"line":28,"column":14},"end":{"line":28,"column":15}},"loc":{"start":{"line":28,"column":24},"end":{"line":35,"column":5}}},"2":{"name":"(anonymous_2)","decl":{"start":{"line":39,"column":26},"end":{"line":39,"column":27}},"loc":{"start":{"line":39,"column":47},"end":{"line":39,"column":57}}}},"branchMap":{},"s":{"0":4,"1":4,"2":4,"3":1,"4":1,"5":0,"6":4,"7":19,"8":4,"9":4,"10":4},"f":{"0":1,"1":0,"2":19},"b":{}}
,"C:\\Users\\sdkam\\typescript-apps-portfolios\\MERN-portfolio1\\typescript-portfolio-2.0-update\\src\\features\\auth\\hooks\\useAxiosPrivate.ts": {"path":"C:\\Users\\sdkam\\typescript-apps-portfolios\\MERN-portfolio1\\typescript-portfolio-2.0-update\\src\\features\\auth\\hooks\\useAxiosPrivate.ts","statementMap":{"0":{"start":{"line":1,"column":0},"end":{"line":1,"column":34}},"1":{"start":{"line":2,"column":0},"end":{"line":2,"column":50}},"2":{"start":{"line":3,"column":0},"end":{"line":3,"column":48}},"3":{"start":{"line":4,"column":0},"end":{"line":4,"column":52}},"4":{"start":{"line":5,"column":0},"end":{"line":5,"column":42}},"5":{"start":{"line":8,"column":24},"end":{"line":51,"column":1}},"6":{"start":{"line":9,"column":18},"end":{"line":9,"column":35}},"7":{"start":{"line":10,"column":15},"end":{"line":10,"column":41}},"8":{"start":{"line":12,"column":2},"end":{"line":48,"column":null}},"9":{"start":{"line":14,"column":29},"end":{"line":20,"column":null}},"10":{"start":{"line":16,"column":8},"end":{"line":18,"column":9}},"11":{"start":{"line":17,"column":10},"end":{"line":17,"column":null}},"12":{"start":{"line":19,"column":8},"end":{"line":19,"column":null}},"13":{"start":{"line":20,"column":18},"end":{"line":20,"column":39}},"14":{"start":{"line":23,"column":30},"end":{"line":42,"column":null}},"15":{"start":{"line":24,"column":18},"end":{"line":24,"column":26}},"16":{"start":{"line":26,"column":28},"end":{"line":26,"column":41}},"17":{"start":{"line":28,"column":8},"end":{"line":36,"column":9}},"18":{"start":{"line":29,"column":10},"end":{"line":29,"column":34}},"19":{"start":{"line":30,"column":33},"end":{"line":30,"column":48}},"20":{"start":{"line":31,"column":10},"end":{"line":31,"column":null}},"21":{"start":{"line":32,"column":10},"end":{"line":32,"column":null}},"22":{"start":{"line":34,"column":10},"end":{"line":34,"column":null}},"23":{"start":{"line":37,"column":8},"end":{"line":37,"column":null}},"24":{"start":{"line":44,"column":4},"end":{"line":47,"column":null}},"25":{"start":{"line":45,"column":6},"end":{"line":45,"column":null}},"26":{"start":{"line":46,"column":6},"end":{"line":46,"column":null}},"27":{"start":{"line":50,"column":2},"end":{"line":50,"column":null}},"28":{"start":{"line":53,"column":0},"end":{"line":53,"column":null}}},"fnMap":{"0":{"name":"(anonymous_0)","decl":{"start":{"line":8,"column":24},"end":{"line":8,"column":27}},"loc":{"start":{"line":8,"column":29},"end":{"line":51,"column":1}}},"1":{"name":"(anonymous_1)","decl":{"start":{"line":12,"column":12},"end":{"line":12,"column":15}},"loc":{"start":{"line":12,"column":17},"end":{"line":48,"column":3}}},"2":{"name":"(anonymous_2)","decl":{"start":{"line":15,"column":6},"end":{"line":15,"column":12}},"loc":{"start":{"line":15,"column":15},"end":{"line":20,"column":7}}},"3":{"name":"(anonymous_3)","decl":{"start":{"line":20,"column":9},"end":{"line":20,"column":14}},"loc":{"start":{"line":20,"column":18},"end":{"line":20,"column":39}}},"4":{"name":"(anonymous_4)","decl":{"start":{"line":24,"column":6},"end":{"line":24,"column":14}},"loc":{"start":{"line":24,"column":18},"end":{"line":24,"column":26}}},"5":{"name":"(anonymous_5)","decl":{"start":{"line":25,"column":6},"end":{"line":25,"column":11}},"loc":{"start":{"line":25,"column":21},"end":{"line":38,"column":7}}},"6":{"name":"(anonymous_6)","decl":{"start":{"line":44,"column":11},"end":{"line":44,"column":14}},"loc":{"start":{"line":44,"column":16},"end":{"line":47,"column":5}}}},"branchMap":{"0":{"loc":{"start":{"line":16,"column":8},"end":{"line":18,"column":9}},"type":"if","locations":[{"start":{"line":16,"column":8},"end":{"line":18,"column":9}}]},"1":{"loc":{"start":{"line":28,"column":8},"end":{"line":36,"column":9}},"type":"if","locations":[{"start":{"line":28,"column":8},"end":{"line":36,"column":9}}]},"2":{"loc":{"start":{"line":28,"column":11},"end":{"line":28,"column":64}},"type":"binary-expr","locations":[{"start":{"line":28,"column":11},"end":{"line":28,"column":42}},{"start":{"line":28,"column":46},"end":{"line":28,"column":64}}]}},"s":{"0":1,"1":1,"2":1,"3":1,"4":1,"5":1,"6":4,"7":4,"8":4,"9":4,"10":0,"11":0,"12":0,"13":0,"14":4,"15":0,"16":0,"17":0,"18":0,"19":0,"20":0,"21":0,"22":0,"23":0,"24":4,"25":4,"26":4,"27":4,"28":1},"f":{"0":4,"1":4,"2":0,"3":0,"4":0,"5":0,"6":4},"b":{"0":[0],"1":[0],"2":[0,0]}}
,"C:\\Users\\sdkam\\typescript-apps-portfolios\\MERN-portfolio1\\typescript-portfolio-2.0-update\\src\\features\\auth\\hooks\\useLogout.ts": {"path":"C:\\Users\\sdkam\\typescript-apps-portfolios\\MERN-portfolio1\\typescript-portfolio-2.0-update\\src\\features\\auth\\hooks\\useLogout.ts","statementMap":{"0":{"start":{"line":1,"column":0},"end":{"line":1,"column":39}},"1":{"start":{"line":2,"column":0},"end":{"line":2,"column":52}},"2":{"start":{"line":3,"column":0},"end":{"line":3,"column":41}},"3":{"start":{"line":5,"column":18},"end":{"line":18,"column":1}},"4":{"start":{"line":6,"column":19},"end":{"line":6,"column":35}},"5":{"start":{"line":7,"column":17},"end":{"line":16,"column":3}},"6":{"start":{"line":8,"column":4},"end":{"line":8,"column":null}},"7":{"start":{"line":9,"column":4},"end":{"line":15,"column":5}},"8":{"start":{"line":10,"column":5},"end":{"line":12,"column":null}},"9":{"start":{"line":14,"column":6},"end":{"line":14,"column":null}},"10":{"start":{"line":17,"column":2},"end":{"line":17,"column":null}},"11":{"start":{"line":19,"column":0},"end":{"line":19,"column":null}}},"fnMap":{"0":{"name":"(anonymous_0)","decl":{"start":{"line":5,"column":18},"end":{"line":5,"column":21}},"loc":{"start":{"line":5,"column":23},"end":{"line":18,"column":1}}},"1":{"name":"(anonymous_1)","decl":{"start":{"line":7,"column":17},"end":{"line":7,"column":22}},"loc":{"start":{"line":7,"column":27},"end":{"line":16,"column":3}}}},"branchMap":{},"s":{"0":0,"1":0,"2":0,"3":0,"4":0,"5":0,"6":0,"7":0,"8":0,"9":0,"10":0,"11":0},"f":{"0":0,"1":0},"b":{}}
,"C:\\Users\\sdkam\\typescript-apps-portfolios\\MERN-portfolio1\\typescript-portfolio-2.0-update\\src\\features\\auth\\hooks\\useRefreshToken.ts": {"path":"C:\\Users\\sdkam\\typescript-apps-portfolios\\MERN-portfolio1\\typescript-portfolio-2.0-update\\src\\features\\auth\\hooks\\useRefreshToken.ts","statementMap":{"0":{"start":{"line":1,"column":0},"end":{"line":1,"column":38}},"1":{"start":{"line":2,"column":0},"end":{"line":2,"column":51}},"2":{"start":{"line":3,"column":0},"end":{"line":3,"column":38}},"3":{"start":{"line":5,"column":24},"end":{"line":19,"column":1}},"4":{"start":{"line":6,"column":19},"end":{"line":6,"column":35}},"5":{"start":{"line":8,"column":18},"end":{"line":16,"column":3}},"6":{"start":{"line":9,"column":21},"end":{"line":11,"column":6}},"7":{"start":{"line":12,"column":4},"end":{"line":12,"column":null}},"8":{"start":{"line":13,"column":4},"end":{"line":13,"column":null}},"9":{"start":{"line":15,"column":4},"end":{"line":15,"column":null}},"10":{"start":{"line":18,"column":2},"end":{"line":18,"column":null}},"11":{"start":{"line":21,"column":0},"end":{"line":21,"column":null}}},"fnMap":{"0":{"name":"(anonymous_0)","decl":{"start":{"line":5,"column":24},"end":{"line":5,"column":27}},"loc":{"start":{"line":5,"column":29},"end":{"line":19,"column":1}}},"1":{"name":"(anonymous_1)","decl":{"start":{"line":8,"column":18},"end":{"line":8,"column":23}},"loc":{"start":{"line":8,"column":28},"end":{"line":16,"column":3}}}},"branchMap":{},"s":{"0":2,"1":2,"2":2,"3":2,"4":8,"5":8,"6":1,"7":0,"8":0,"9":0,"10":8,"11":2},"f":{"0":8,"1":1},"b":{}}
,"C:\\Users\\sdkam\\typescript-apps-portfolios\\MERN-portfolio1\\typescript-portfolio-2.0-update\\src\\features\\posts\\AddPostForm.tsx": {"path":"C:\\Users\\sdkam\\typescript-apps-portfolios\\MERN-portfolio1\\typescript-portfolio-2.0-update\\src\\features\\posts\\AddPostForm.tsx","statementMap":{"0":{"start":{"line":1,"column":0},"end":{"line":1,"column":33}},"1":{"start":{"line":2,"column":0},"end":{"line":2,"column":65}},"2":{"start":{"line":3,"column":0},"end":{"line":3,"column":42}},"3":{"start":{"line":4,"column":0},"end":{"line":4,"column":43}},"4":{"start":{"line":6,"column":0},"end":{"line":6,"column":60}},"5":{"start":{"line":7,"column":0},"end":{"line":7,"column":47}},"6":{"start":{"line":9,"column":0},"end":{"line":9,"column":42}},"7":{"start":{"line":10,"column":0},"end":{"line":10,"column":57}},"8":{"start":{"line":11,"column":0},"end":{"line":11,"column":54}},"9":{"start":{"line":13,"column":20},"end":{"line":87,"column":1}},"10":{"start":{"line":14,"column":19},"end":{"line":14,"column":35}},"11":{"start":{"line":15,"column":50},"end":{"line":15,"column":66}},"12":{"start":{"line":16,"column":19},"end":{"line":16,"column":32}},"13":{"start":{"line":18,"column":23},"end":{"line":18,"column":40}},"14":{"start":{"line":19,"column":15},"end":{"line":19,"column":41}},"15":{"start":{"line":26,"column":6},"end":{"line":26,"column":64}},"16":{"start":{"line":28,"column":19},"end":{"line":46,"column":3}},"17":{"start":{"line":29,"column":4},"end":{"line":45,"column":5}},"18":{"start":{"line":30,"column":6},"end":{"line":44,"column":7}},"19":{"start":{"line":31,"column":8},"end":{"line":31,"column":39}},"20":{"start":{"line":32,"column":8},"end":{"line":37,"column":19}},"21":{"start":{"line":38,"column":8},"end":{"line":38,"column":16}},"22":{"start":{"line":39,"column":8},"end":{"line":39,"column":22}},"23":{"start":{"line":41,"column":8},"end":{"line":41,"column":49}},"24":{"start":{"line":43,"column":8},"end":{"line":43,"column":36}},"25":{"start":{"line":48,"column":2},"end":{"line":86,"column":4}},"26":{"start":{"line":89,"column":0},"end":{"line":89,"column":27}}},"fnMap":{"0":{"name":"(anonymous_0)","decl":{"start":{"line":13,"column":20},"end":{"line":13,"column":23}},"loc":{"start":{"line":13,"column":25},"end":{"line":87,"column":1}}},"1":{"name":"(anonymous_1)","decl":{"start":{"line":28,"column":19},"end":{"line":28,"column":24}},"loc":{"start":{"line":28,"column":46},"end":{"line":46,"column":3}}}},"branchMap":{"0":{"loc":{"start":{"line":29,"column":4},"end":{"line":45,"column":5}},"type":"if","locations":[{"start":{"line":29,"column":4},"end":{"line":45,"column":5}}]},"1":{"loc":{"start":{"line":34,"column":44},"end":{"line":34,"column":63}},"type":"binary-expr","locations":[{"start":{"line":34,"column":44},"end":{"line":34,"column":57}},{"start":{"line":34,"column":61},"end":{"line":34,"column":63}}]},"2":{"loc":{"start":{"line":57,"column":19},"end":{"line":57,"column":38}},"type":"binary-expr","locations":[{"start":{"line":57,"column":19},"end":{"line":57,"column":32}},{"start":{"line":57,"column":36},"end":{"line":57,"column":38}}]},"3":{"loc":{"start":{"line":64,"column":11},"end":{"line":64,"column":56}},"type":"binary-expr","locations":[{"start":{"line":64,"column":11},"end":{"line":64,"column":23}},{"start":{"line":64,"column":27},"end":{"line":64,"column":56}}]},"4":{"loc":{"start":{"line":73,"column":11},"end":{"line":73,"column":54}},"type":"binary-expr","locations":[{"start":{"line":73,"column":11},"end":{"line":73,"column":22}},{"start":{"line":73,"column":26},"end":{"line":73,"column":54}}]},"5":{"loc":{"start":{"line":79,"column":26},"end":{"line":79,"column":56}},"type":"cond-expr","locations":[{"start":{"line":79,"column":41},"end":{"line":79,"column":51}},{"start":{"line":79,"column":54},"end":{"line":79,"column":56}}]}},"s":{"0":0,"1":0,"2":0,"3":0,"4":0,"5":0,"6":0,"7":0,"8":0,"9":0,"10":0,"11":0,"12":0,"13":0,"14":0,"15":0,"16":0,"17":0,"18":0,"19":0,"20":0,"21":0,"22":0,"23":0,"24":0,"25":0,"26":0},"f":{"0":0,"1":0},"b":{"0":[0],"1":[0,0],"2":[0,0],"3":[0,0],"4":[0,0],"5":[0,0]}}
,"C:\\Users\\sdkam\\typescript-apps-portfolios\\MERN-portfolio1\\typescript-portfolio-2.0-update\\src\\features\\posts\\EditPostForm.tsx": {"path":"C:\\Users\\sdkam\\typescript-apps-portfolios\\MERN-portfolio1\\typescript-portfolio-2.0-update\\src\\features\\posts\\EditPostForm.tsx","statementMap":{"0":{"start":{"line":1,"column":0},"end":{"line":1,"column":41}},"1":{"start":{"line":2,"column":0},"end":{"line":2,"column":49}},"2":{"start":{"line":3,"column":0},"end":{"line":3,"column":58}},"3":{"start":{"line":4,"column":0},"end":{"line":4,"column":33}},"4":{"start":{"line":5,"column":0},"end":{"line":5,"column":42}},"5":{"start":{"line":6,"column":0},"end":{"line":6,"column":49}},"6":{"start":{"line":7,"column":0},"end":{"line":7,"column":43}},"7":{"start":{"line":9,"column":0},"end":{"line":9,"column":60}},"8":{"start":{"line":11,"column":0},"end":{"line":11,"column":42}},"9":{"start":{"line":12,"column":0},"end":{"line":12,"column":65}},"10":{"start":{"line":13,"column":0},"end":{"line":13,"column":54}},"11":{"start":{"line":14,"column":0},"end":{"line":14,"column":40}},"12":{"start":{"line":19,"column":21},"end":{"line":125,"column":1}},"13":{"start":{"line":20,"column":21},"end":{"line":20,"column":46}},"14":{"start":{"line":21,"column":15},"end":{"line":23,"column":10}},"15":{"start":{"line":22,"column":32},"end":{"line":22,"column":61}},"16":{"start":{"line":24,"column":19},"end":{"line":24,"column":35}},"17":{"start":{"line":25,"column":19},"end":{"line":25,"column":32}},"18":{"start":{"line":31,"column":6},"end":{"line":37,"column":4}},"19":{"start":{"line":38,"column":50},"end":{"line":38,"column":66}},"20":{"start":{"line":40,"column":23},"end":{"line":40,"column":40}},"21":{"start":{"line":42,"column":28},"end":{"line":56,"column":3}},"22":{"start":{"line":43,"column":4},"end":{"line":55,"column":5}},"23":{"start":{"line":44,"column":6},"end":{"line":54,"column":7}},"24":{"start":{"line":45,"column":8},"end":{"line":45,"column":39}},"25":{"start":{"line":46,"column":8},"end":{"line":48,"column":19}},"26":{"start":{"line":49,"column":8},"end":{"line":49,"column":38}},"27":{"start":{"line":51,"column":8},"end":{"line":51,"column":49}},"28":{"start":{"line":53,"column":8},"end":{"line":53,"column":36}},"29":{"start":{"line":58,"column":30},"end":{"line":72,"column":3}},"30":{"start":{"line":59,"column":4},"end":{"line":71,"column":5}},"31":{"start":{"line":60,"column":6},"end":{"line":70,"column":7}},"32":{"start":{"line":61,"column":8},"end":{"line":61,"column":39}},"33":{"start":{"line":62,"column":8},"end":{"line":64,"column":19}},"34":{"start":{"line":65,"column":8},"end":{"line":65,"column":22}},"35":{"start":{"line":67,"column":8},"end":{"line":67,"column":49}},"36":{"start":{"line":69,"column":8},"end":{"line":69,"column":36}},"37":{"start":{"line":74,"column":2},"end":{"line":80,"column":3}},"38":{"start":{"line":75,"column":4},"end":{"line":79,"column":6}},"39":{"start":{"line":82,"column":2},"end":{"line":124,"column":4}},"40":{"start":{"line":127,"column":0},"end":{"line":127,"column":28}}},"fnMap":{"0":{"name":"(anonymous_0)","decl":{"start":{"line":19,"column":21},"end":{"line":19,"column":24}},"loc":{"start":{"line":19,"column":26},"end":{"line":125,"column":1}}},"1":{"name":"(anonymous_1)","decl":{"start":{"line":22,"column":21},"end":{"line":22,"column":22}},"loc":{"start":{"line":22,"column":32},"end":{"line":22,"column":61}}},"2":{"name":"(anonymous_2)","decl":{"start":{"line":42,"column":28},"end":{"line":42,"column":29}},"loc":{"start":{"line":42,"column":53},"end":{"line":56,"column":3}}},"3":{"name":"(anonymous_3)","decl":{"start":{"line":58,"column":30},"end":{"line":58,"column":33}},"loc":{"start":{"line":58,"column":35},"end":{"line":72,"column":3}}}},"branchMap":{"0":{"loc":{"start":{"line":21,"column":15},"end":{"line":23,"column":10}},"type":"cond-expr","locations":[{"start":{"line":22,"column":6},"end":{"line":22,"column":62}},{"start":{"line":23,"column":6},"end":{"line":23,"column":10}}]},"1":{"loc":{"start":{"line":43,"column":4},"end":{"line":55,"column":5}},"type":"if","locations":[{"start":{"line":43,"column":4},"end":{"line":55,"column":5}}]},"2":{"loc":{"start":{"line":43,"column":8},"end":{"line":43,"column":43}},"type":"binary-expr","locations":[{"start":{"line":43,"column":8},"end":{"line":43,"column":35}},{"start":{"line":43,"column":39},"end":{"line":43,"column":43}}]},"3":{"loc":{"start":{"line":59,"column":4},"end":{"line":71,"column":5}},"type":"if","locations":[{"start":{"line":59,"column":4},"end":{"line":71,"column":5}}]},"4":{"loc":{"start":{"line":74,"column":2},"end":{"line":80,"column":3}},"type":"if","locations":[{"start":{"line":74,"column":2},"end":{"line":80,"column":3}}]},"5":{"loc":{"start":{"line":94,"column":11},"end":{"line":94,"column":56}},"type":"binary-expr","locations":[{"start":{"line":94,"column":11},"end":{"line":94,"column":23}},{"start":{"line":94,"column":27},"end":{"line":94,"column":56}}]},"6":{"loc":{"start":{"line":104,"column":11},"end":{"line":104,"column":54}},"type":"binary-expr","locations":[{"start":{"line":104,"column":11},"end":{"line":104,"column":22}},{"start":{"line":104,"column":26},"end":{"line":104,"column":54}}]},"7":{"loc":{"start":{"line":111,"column":26},"end":{"line":111,"column":56}},"type":"cond-expr","locations":[{"start":{"line":111,"column":41},"end":{"line":111,"column":51}},{"start":{"line":111,"column":54},"end":{"line":111,"column":56}}]}},"s":{"0":0,"1":0,"2":0,"3":0,"4":0,"5":0,"6":0,"7":0,"8":0,"9":0,"10":0,"11":0,"12":0,"13":0,"14":0,"15":0,"16":0,"17":0,"18":0,"19":0,"20":0,"21":0,"22":0,"23":0,"24":0,"25":0,"26":0,"27":0,"28":0,"29":0,"30":0,"31":0,"32":0,"33":0,"34":0,"35":0,"36":0,"37":0,"38":0,"39":0,"40":0},"f":{"0":0,"1":0,"2":0,"3":0},"b":{"0":[0,0],"1":[0],"2":[0,0],"3":[0],"4":[0],"5":[0,0],"6":[0,0],"7":[0,0]}}
,"C:\\Users\\sdkam\\typescript-apps-portfolios\\MERN-portfolio1\\typescript-portfolio-2.0-update\\src\\features\\posts\\Pagination.tsx": {"path":"C:\\Users\\sdkam\\typescript-apps-portfolios\\MERN-portfolio1\\typescript-portfolio-2.0-update\\src\\features\\posts\\Pagination.tsx","statementMap":{"0":{"start":{"line":1,"column":0},"end":{"line":1,"column":33}},"1":{"start":{"line":9,"column":19},"end":{"line":88,"column":1}},"2":{"start":{"line":15,"column":28},"end":{"line":15,"column":39}},"3":{"start":{"line":16,"column":44},"end":{"line":16,"column":55}},"4":{"start":{"line":17,"column":44},"end":{"line":17,"column":55}},"5":{"start":{"line":19,"column":21},"end":{"line":19,"column":66}},"6":{"start":{"line":21,"column":24},"end":{"line":29,"column":3}},"7":{"start":{"line":22,"column":4},"end":{"line":28,"column":5}},"8":{"start":{"line":23,"column":6},"end":{"line":26,"column":7}},"9":{"start":{"line":24,"column":8},"end":{"line":24,"column":59}},"10":{"start":{"line":24,"column":35},"end":{"line":24,"column":57}},"11":{"start":{"line":25,"column":8},"end":{"line":25,"column":59}},"12":{"start":{"line":25,"column":35},"end":{"line":25,"column":57}},"13":{"start":{"line":27,"column":6},"end":{"line":27,"column":41}},"14":{"start":{"line":27,"column":31},"end":{"line":27,"column":39}},"15":{"start":{"line":30,"column":24},"end":{"line":36,"column":3}},"16":{"start":{"line":31,"column":4},"end":{"line":34,"column":5}},"17":{"start":{"line":32,"column":6},"end":{"line":32,"column":57}},"18":{"start":{"line":32,"column":33},"end":{"line":32,"column":55}},"19":{"start":{"line":33,"column":6},"end":{"line":33,"column":57}},"20":{"start":{"line":33,"column":33},"end":{"line":33,"column":55}},"21":{"start":{"line":35,"column":4},"end":{"line":35,"column":39}},"22":{"start":{"line":35,"column":29},"end":{"line":35,"column":37}},"23":{"start":{"line":38,"column":24},"end":{"line":38,"column":26}},"24":{"start":{"line":39,"column":2},"end":{"line":41,"column":3}},"25":{"start":{"line":39,"column":15},"end":{"line":39,"column":16}},"26":{"start":{"line":40,"column":4},"end":{"line":40,"column":18}},"27":{"start":{"line":43,"column":29},"end":{"line":43,"column":77}},"28":{"start":{"line":45,"column":4},"end":{"line":45,"column":63}},"29":{"start":{"line":47,"column":2},"end":{"line":87,"column":4}},"30":{"start":{"line":61,"column":10},"end":{"line":73,"column":11}},"31":{"start":{"line":62,"column":12},"end":{"line":70,"column":14}},"32":{"start":{"line":65,"column":31},"end":{"line":65,"column":51}},"33":{"start":{"line":72,"column":12},"end":{"line":72,"column":24}},"34":{"start":{"line":90,"column":0},"end":{"line":90,"column":26}}},"fnMap":{"0":{"name":"(anonymous_0)","decl":{"start":{"line":9,"column":19},"end":{"line":9,"column":20}},"loc":{"start":{"line":14,"column":22},"end":{"line":88,"column":1}}},"1":{"name":"(anonymous_1)","decl":{"start":{"line":21,"column":24},"end":{"line":21,"column":27}},"loc":{"start":{"line":21,"column":29},"end":{"line":29,"column":3}}},"2":{"name":"(anonymous_2)","decl":{"start":{"line":24,"column":25},"end":{"line":24,"column":26}},"loc":{"start":{"line":24,"column":35},"end":{"line":24,"column":57}}},"3":{"name":"(anonymous_3)","decl":{"start":{"line":25,"column":25},"end":{"line":25,"column":26}},"loc":{"start":{"line":25,"column":35},"end":{"line":25,"column":57}}},"4":{"name":"(anonymous_4)","decl":{"start":{"line":27,"column":21},"end":{"line":27,"column":22}},"loc":{"start":{"line":27,"column":31},"end":{"line":27,"column":39}}},"5":{"name":"(anonymous_5)","decl":{"start":{"line":30,"column":24},"end":{"line":30,"column":27}},"loc":{"start":{"line":30,"column":29},"end":{"line":36,"column":3}}},"6":{"name":"(anonymous_6)","decl":{"start":{"line":32,"column":23},"end":{"line":32,"column":24}},"loc":{"start":{"line":32,"column":33},"end":{"line":32,"column":55}}},"7":{"name":"(anonymous_7)","decl":{"start":{"line":33,"column":23},"end":{"line":33,"column":24}},"loc":{"start":{"line":33,"column":33},"end":{"line":33,"column":55}}},"8":{"name":"(anonymous_8)","decl":{"start":{"line":35,"column":19},"end":{"line":35,"column":20}},"loc":{"start":{"line":35,"column":29},"end":{"line":35,"column":37}}},"9":{"name":"(anonymous_9)","decl":{"start":{"line":60,"column":19},"end":{"line":60,"column":20}},"loc":{"start":{"line":60,"column":35},"end":{"line":74,"column":9}}},"10":{"name":"(anonymous_10)","decl":{"start":{"line":65,"column":25},"end":{"line":65,"column":28}},"loc":{"start":{"line":65,"column":31},"end":{"line":65,"column":51}}}},"branchMap":{"0":{"loc":{"start":{"line":22,"column":4},"end":{"line":28,"column":5}},"type":"if","locations":[{"start":{"line":22,"column":4},"end":{"line":28,"column":5}}]},"1":{"loc":{"start":{"line":23,"column":6},"end":{"line":26,"column":7}},"type":"if","locations":[{"start":{"line":23,"column":6},"end":{"line":26,"column":7}}]},"2":{"loc":{"start":{"line":31,"column":4},"end":{"line":34,"column":5}},"type":"if","locations":[{"start":{"line":31,"column":4},"end":{"line":34,"column":5}}]},"3":{"loc":{"start":{"line":43,"column":29},"end":{"line":43,"column":77}},"type":"cond-expr","locations":[{"start":{"line":43,"column":49},"end":{"line":43,"column":70}},{"start":{"line":43,"column":73},"end":{"line":43,"column":77}}]},"4":{"loc":{"start":{"line":45,"column":4},"end":{"line":45,"column":63}},"type":"cond-expr","locations":[{"start":{"line":45,"column":35},"end":{"line":45,"column":56}},{"start":{"line":45,"column":59},"end":{"line":45,"column":63}}]},"5":{"loc":{"start":{"line":53,"column":21},"end":{"line":53,"column":56}},"type":"cond-expr","locations":[{"start":{"line":53,"column":41},"end":{"line":53,"column":51}},{"start":{"line":53,"column":54},"end":{"line":53,"column":56}}]},"6":{"loc":{"start":{"line":61,"column":10},"end":{"line":73,"column":11}},"type":"if","locations":[{"start":{"line":61,"column":10},"end":{"line":73,"column":11}},{"start":{"line":71,"column":17},"end":{"line":73,"column":11}}]},"7":{"loc":{"start":{"line":61,"column":14},"end":{"line":61,"column":60}},"type":"binary-expr","locations":[{"start":{"line":61,"column":14},"end":{"line":61,"column":35}},{"start":{"line":61,"column":39},"end":{"line":61,"column":60}}]},"8":{"loc":{"start":{"line":66,"column":27},"end":{"line":66,"column":65}},"type":"cond-expr","locations":[{"start":{"line":66,"column":50},"end":{"line":66,"column":60}},{"start":{"line":66,"column":63},"end":{"line":66,"column":65}}]},"9":{"loc":{"start":{"line":81,"column":21},"end":{"line":81,"column":64}},"type":"cond-expr","locations":[{"start":{"line":81,"column":49},"end":{"line":81,"column":59}},{"start":{"line":81,"column":62},"end":{"line":81,"column":64}}]}},"s":{"0":0,"1":0,"2":0,"3":0,"4":0,"5":0,"6":0,"7":0,"8":0,"9":0,"10":0,"11":0,"12":0,"13":0,"14":0,"15":0,"16":0,"17":0,"18":0,"19":0,"20":0,"21":0,"22":0,"23":0,"24":0,"25":0,"26":0,"27":0,"28":0,"29":0,"30":0,"31":0,"32":0,"33":0,"34":0},"f":{"0":0,"1":0,"2":0,"3":0,"4":0,"5":0,"6":0,"7":0,"8":0,"9":0,"10":0},"b":{"0":[0],"1":[0],"2":[0],"3":[0,0],"4":[0,0],"5":[0,0],"6":[0,0],"7":[0,0],"8":[0,0],"9":[0,0]}}
,"C:\\Users\\sdkam\\typescript-apps-portfolios\\MERN-portfolio1\\typescript-portfolio-2.0-update\\src\\features\\posts\\PostsList.tsx": {"path":"C:\\Users\\sdkam\\typescript-apps-portfolios\\MERN-portfolio1\\typescript-portfolio-2.0-update\\src\\features\\posts\\PostsList.tsx","statementMap":{"0":{"start":{"line":1,"column":0},"end":{"line":1,"column":49}},"1":{"start":{"line":2,"column":0},"end":{"line":2,"column":77}},"2":{"start":{"line":3,"column":0},"end":{"line":3,"column":42}},"3":{"start":{"line":4,"column":0},"end":{"line":4,"column":38}},"4":{"start":{"line":5,"column":0},"end":{"line":5,"column":66}},"5":{"start":{"line":6,"column":0},"end":{"line":6,"column":47}},"6":{"start":{"line":7,"column":0},"end":{"line":7,"column":40}},"7":{"start":{"line":9,"column":18},"end":{"line":120,"column":1}},"8":{"start":{"line":10,"column":16},"end":{"line":10,"column":46}},"9":{"start":{"line":11,"column":21},"end":{"line":11,"column":51}},"10":{"start":{"line":12,"column":20},"end":{"line":12,"column":49}},"11":{"start":{"line":14,"column":15},"end":{"line":14,"column":41}},"12":{"start":{"line":16,"column":40},"end":{"line":16,"column":51}},"13":{"start":{"line":17,"column":23},"end":{"line":17,"column":25}},"14":{"start":{"line":18,"column":25},"end":{"line":18,"column":51}},"15":{"start":{"line":19,"column":26},"end":{"line":19,"column":55}},"16":{"start":{"line":20,"column":38},"end":{"line":20,"column":50}},"17":{"start":{"line":22,"column":23},"end":{"line":31,"column":null}},"18":{"start":{"line":24,"column":6},"end":{"line":30,"column":8}},"19":{"start":{"line":25,"column":8},"end":{"line":29,"column":9}},"20":{"start":{"line":26,"column":10},"end":{"line":26,"column":56}},"21":{"start":{"line":28,"column":10},"end":{"line":28,"column":19}},"22":{"start":{"line":33,"column":44},"end":{"line":33,"column":66}},"23":{"start":{"line":35,"column":27},"end":{"line":43,"column":32}},"24":{"start":{"line":36,"column":32},"end":{"line":39,"column":null}},"25":{"start":{"line":38,"column":8},"end":{"line":39,"column":75}},"26":{"start":{"line":41,"column":4},"end":{"line":41,"column":42}},"27":{"start":{"line":42,"column":4},"end":{"line":42,"column":22}},"28":{"start":{"line":45,"column":23},"end":{"line":47,"column":null}},"29":{"start":{"line":46,"column":10},"end":{"line":46,"column":62}},"30":{"start":{"line":50,"column":2},"end":{"line":56,"column":33}},"31":{"start":{"line":51,"column":4},"end":{"line":55,"column":5}},"32":{"start":{"line":52,"column":6},"end":{"line":52,"column":25}},"33":{"start":{"line":54,"column":6},"end":{"line":54,"column":37}},"34":{"start":{"line":59,"column":2},"end":{"line":74,"column":3}},"35":{"start":{"line":60,"column":4},"end":{"line":60,"column":36}},"36":{"start":{"line":61,"column":9},"end":{"line":74,"column":3}},"37":{"start":{"line":62,"column":25},"end":{"line":64,"column":6}},"38":{"start":{"line":63,"column":6},"end":{"line":63,"column":35}},"39":{"start":{"line":65,"column":4},"end":{"line":71,"column":6}},"40":{"start":{"line":72,"column":9},"end":{"line":74,"column":3}},"41":{"start":{"line":73,"column":4},"end":{"line":73,"column":33}},"42":{"start":{"line":76,"column":2},"end":{"line":119,"column":4}},"43":{"start":{"line":94,"column":29},"end":{"line":94,"column":58}},"44":{"start":{"line":96,"column":14},"end":{"line":96,"column":56}},"45":{"start":{"line":96,"column":37},"end":{"line":96,"column":56}},"46":{"start":{"line":101,"column":14},"end":{"line":101,"column":45}},"47":{"start":{"line":102,"column":14},"end":{"line":102,"column":32}},"48":{"start":{"line":122,"column":0},"end":{"line":122,"column":25}}},"fnMap":{"0":{"name":"(anonymous_0)","decl":{"start":{"line":9,"column":18},"end":{"line":9,"column":21}},"loc":{"start":{"line":9,"column":23},"end":{"line":120,"column":1}}},"1":{"name":"(anonymous_1)","decl":{"start":{"line":23,"column":4},"end":{"line":23,"column":7}},"loc":{"start":{"line":24,"column":6},"end":{"line":30,"column":8}}},"2":{"name":"(anonymous_2)","decl":{"start":{"line":24,"column":25},"end":{"line":24,"column":26}},"loc":{"start":{"line":24,"column":34},"end":{"line":30,"column":7}}},"3":{"name":"(anonymous_3)","decl":{"start":{"line":35,"column":39},"end":{"line":35,"column":42}},"loc":{"start":{"line":35,"column":44},"end":{"line":43,"column":3}}},"4":{"name":"(anonymous_4)","decl":{"start":{"line":37,"column":6},"end":{"line":37,"column":7}},"loc":{"start":{"line":38,"column":8},"end":{"line":39,"column":75}}},"5":{"name":"(anonymous_5)","decl":{"start":{"line":46,"column":4},"end":{"line":46,"column":7}},"loc":{"start":{"line":46,"column":10},"end":{"line":46,"column":62}}},"6":{"name":"(anonymous_6)","decl":{"start":{"line":50,"column":12},"end":{"line":50,"column":15}},"loc":{"start":{"line":50,"column":17},"end":{"line":56,"column":3}}},"7":{"name":"(anonymous_7)","decl":{"start":{"line":62,"column":42},"end":{"line":62,"column":43}},"loc":{"start":{"line":63,"column":6},"end":{"line":63,"column":35}}},"8":{"name":"(anonymous_8)","decl":{"start":{"line":94,"column":22},"end":{"line":94,"column":23}},"loc":{"start":{"line":94,"column":29},"end":{"line":94,"column":58}}},"9":{"name":"(anonymous_9)","decl":{"start":{"line":95,"column":23},"end":{"line":95,"column":24}},"loc":{"start":{"line":95,"column":29},"end":{"line":97,"column":13}}},"10":{"name":"(anonymous_10)","decl":{"start":{"line":100,"column":21},"end":{"line":100,"column":24}},"loc":{"start":{"line":100,"column":26},"end":{"line":103,"column":13}}}},"branchMap":{"0":{"loc":{"start":{"line":25,"column":8},"end":{"line":29,"column":9}},"type":"if","locations":[{"start":{"line":25,"column":8},"end":{"line":29,"column":9}},{"start":{"line":27,"column":15},"end":{"line":29,"column":9}}]},"1":{"loc":{"start":{"line":25,"column":12},"end":{"line":25,"column":38}},"type":"binary-expr","locations":[{"start":{"line":25,"column":12},"end":{"line":25,"column":23}},{"start":{"line":25,"column":27},"end":{"line":25,"column":38}}]},"2":{"loc":{"start":{"line":38,"column":8},"end":{"line":39,"column":75}},"type":"binary-expr","locations":[{"start":{"line":38,"column":8},"end":{"line":38,"column":74}},{"start":{"line":39,"column":8},"end":{"line":39,"column":75}}]},"3":{"loc":{"start":{"line":51,"column":4},"end":{"line":55,"column":5}},"type":"if","locations":[{"start":{"line":51,"column":4},"end":{"line":55,"column":5}},{"start":{"line":53,"column":11},"end":{"line":55,"column":5}}]},"4":{"loc":{"start":{"line":59,"column":2},"end":{"line":74,"column":3}},"type":"if","locations":[{"start":{"line":59,"column":2},"end":{"line":74,"column":3}},{"start":{"line":61,"column":9},"end":{"line":74,"column":3}}]},"5":{"loc":{"start":{"line":61,"column":9},"end":{"line":74,"column":3}},"type":"if","locations":[{"start":{"line":61,"column":9},"end":{"line":74,"column":3}},{"start":{"line":72,"column":9},"end":{"line":74,"column":3}}]},"6":{"loc":{"start":{"line":65,"column":14},"end":{"line":70,"column":null}},"type":"cond-expr","locations":[{"start":{"line":66,"column":6},"end":{"line":66,"column":18}},{"start":{"line":68,"column":6},"end":{"line":68,"column":null}}]},"7":{"loc":{"start":{"line":72,"column":9},"end":{"line":74,"column":3}},"type":"if","locations":[{"start":{"line":72,"column":9},"end":{"line":74,"column":3}}]},"8":{"loc":{"start":{"line":80,"column":9},"end":{"line":87,"column":null}},"type":"binary-expr","locations":[{"start":{"line":80,"column":9},"end":{"line":80,"column":23}},{"start":{"line":81,"column":10},"end":{"line":86,"column":null}}]},"9":{"loc":{"start":{"line":96,"column":14},"end":{"line":96,"column":56}},"type":"if","locations":[{"start":{"line":96,"column":14},"end":{"line":96,"column":56}}]}},"s":{"0":0,"1":0,"2":0,"3":0,"4":0,"5":0,"6":0,"7":0,"8":0,"9":0,"10":0,"11":0,"12":0,"13":0,"14":0,"15":0,"16":0,"17":0,"18":0,"19":0,"20":0,"21":0,"22":0,"23":0,"24":0,"25":0,"26":0,"27":0,"28":0,"29":0,"30":0,"31":0,"32":0,"33":0,"34":0,"35":0,"36":0,"37":0,"38":0,"39":0,"40":0,"41":0,"42":0,"43":0,"44":0,"45":0,"46":0,"47":0,"48":0},"f":{"0":0,"1":0,"2":0,"3":0,"4":0,"5":0,"6":0,"7":0,"8":0,"9":0,"10":0},"b":{"0":[0,0],"1":[0,0],"2":[0,0],"3":[0,0],"4":[0,0],"5":[0,0],"6":[0,0],"7":[0],"8":[0,0],"9":[0]}}
,"C:\\Users\\sdkam\\typescript-apps-portfolios\\MERN-portfolio1\\typescript-portfolio-2.0-update\\src\\features\\posts\\ReactionButtons.tsx": {"path":"C:\\Users\\sdkam\\typescript-apps-portfolios\\MERN-portfolio1\\typescript-portfolio-2.0-update\\src\\features\\posts\\ReactionButtons.tsx","statementMap":{"0":{"start":{"line":2,"column":0},"end":{"line":2,"column":65}},"1":{"start":{"line":3,"column":0},"end":{"line":3,"column":43}},"2":{"start":{"line":5,"column":0},"end":{"line":5,"column":60}},"3":{"start":{"line":6,"column":0},"end":{"line":6,"column":47}},"4":{"start":{"line":8,"column":22},"end":{"line":10,"column":2}},"5":{"start":{"line":15,"column":24},"end":{"line":46,"column":1}},"6":{"start":{"line":16,"column":19},"end":{"line":16,"column":35}},"7":{"start":{"line":18,"column":15},"end":{"line":18,"column":41}},"8":{"start":{"line":19,"column":23},"end":{"line":19,"column":40}},"9":{"start":{"line":20,"column":20},"end":{"line":26,"column":3}},"10":{"start":{"line":21,"column":4},"end":{"line":25,"column":10}},"11":{"start":{"line":27,"column":2},"end":{"line":27,"column":40}},"12":{"start":{"line":29,"column":2},"end":{"line":45,"column":4}},"13":{"start":{"line":48,"column":0},"end":{"line":48,"column":31}}},"fnMap":{"0":{"name":"(anonymous_0)","decl":{"start":{"line":15,"column":24},"end":{"line":15,"column":25}},"loc":{"start":{"line":15,"column":60},"end":{"line":46,"column":1}}},"1":{"name":"(anonymous_1)","decl":{"start":{"line":20,"column":20},"end":{"line":20,"column":23}},"loc":{"start":{"line":20,"column":25},"end":{"line":26,"column":3}}}},"branchMap":{"0":{"loc":{"start":{"line":21,"column":4},"end":{"line":24,"column":null}},"type":"cond-expr","locations":[{"start":{"line":22,"column":8},"end":{"line":22,"column":56}},{"start":{"line":23,"column":8},"end":{"line":24,"column":null}}]},"1":{"loc":{"start":{"line":35,"column":7},"end":{"line":42,"column":null}},"type":"cond-expr","locations":[{"start":{"line":36,"column":8},"end":{"line":36,"column":56}},{"start":{"line":37,"column":10},"end":{"line":42,"column":null}}]},"2":{"loc":{"start":{"line":37,"column":10},"end":{"line":42,"column":null}},"type":"cond-expr","locations":[{"start":{"line":38,"column":8},"end":{"line":38,"column":84}},{"start":{"line":39,"column":10},"end":{"line":42,"column":null}}]},"3":{"loc":{"start":{"line":39,"column":10},"end":{"line":42,"column":null}},"type":"cond-expr","locations":[{"start":{"line":40,"column":8},"end":{"line":40,"column":91}},{"start":{"line":42,"column":8},"end":{"line":42,"column":10}}]}},"s":{"0":0,"1":0,"2":0,"3":0,"4":0,"5":0,"6":0,"7":0,"8":0,"9":0,"10":0,"11":0,"12":0,"13":0},"f":{"0":0,"1":0},"b":{"0":[0,0],"1":[0,0],"2":[0,0],"3":[0,0]}}
,"C:\\Users\\sdkam\\typescript-apps-portfolios\\MERN-portfolio1\\typescript-portfolio-2.0-update\\src\\features\\posts\\SinglePostPage.tsx": {"path":"C:\\Users\\sdkam\\typescript-apps-portfolios\\MERN-portfolio1\\typescript-portfolio-2.0-update\\src\\features\\posts\\SinglePostPage.tsx","statementMap":{"0":{"start":{"line":1,"column":0},"end":{"line":1,"column":41}},"1":{"start":{"line":2,"column":0},"end":{"line":2,"column":49}},"2":{"start":{"line":3,"column":0},"end":{"line":3,"column":46}},"3":{"start":{"line":4,"column":0},"end":{"line":4,"column":40}},"4":{"start":{"line":5,"column":0},"end":{"line":5,"column":32}},"5":{"start":{"line":6,"column":0},"end":{"line":6,"column":48}},"6":{"start":{"line":8,"column":0},"end":{"line":8,"column":47}},"7":{"start":{"line":13,"column":23},"end":{"line":48,"column":1}},"8":{"start":{"line":14,"column":21},"end":{"line":14,"column":46}},"9":{"start":{"line":15,"column":15},"end":{"line":17,"column":10}},"10":{"start":{"line":16,"column":32},"end":{"line":16,"column":61}},"11":{"start":{"line":19,"column":15},"end":{"line":19,"column":41}},"12":{"start":{"line":21,"column":2},"end":{"line":27,"column":3}},"13":{"start":{"line":22,"column":4},"end":{"line":26,"column":6}},"14":{"start":{"line":29,"column":2},"end":{"line":47,"column":4}},"15":{"start":{"line":50,"column":0},"end":{"line":50,"column":30}}},"fnMap":{"0":{"name":"(anonymous_0)","decl":{"start":{"line":13,"column":23},"end":{"line":13,"column":26}},"loc":{"start":{"line":13,"column":28},"end":{"line":48,"column":1}}},"1":{"name":"(anonymous_1)","decl":{"start":{"line":16,"column":21},"end":{"line":16,"column":22}},"loc":{"start":{"line":16,"column":32},"end":{"line":16,"column":61}}}},"branchMap":{"0":{"loc":{"start":{"line":15,"column":15},"end":{"line":17,"column":10}},"type":"cond-expr","locations":[{"start":{"line":16,"column":6},"end":{"line":16,"column":62}},{"start":{"line":17,"column":6},"end":{"line":17,"column":10}}]},"1":{"loc":{"start":{"line":21,"column":2},"end":{"line":27,"column":3}},"type":"if","locations":[{"start":{"line":21,"column":2},"end":{"line":27,"column":3}}]},"2":{"loc":{"start":{"line":34,"column":9},"end":{"line":37,"column":null}},"type":"binary-expr","locations":[{"start":{"line":34,"column":9},"end":{"line":34,"column":38}},{"start":{"line":35,"column":10},"end":{"line":36,"column":null}}]}},"s":{"0":0,"1":0,"2":0,"3":0,"4":0,"5":0,"6":0,"7":0,"8":0,"9":0,"10":0,"11":0,"12":0,"13":0,"14":0,"15":0},"f":{"0":0,"1":0},"b":{"0":[0,0],"1":[0],"2":[0,0]}}
,"C:\\Users\\sdkam\\typescript-apps-portfolios\\MERN-portfolio1\\typescript-portfolio-2.0-update\\src\\features\\posts\\TimeAgo.tsx": {"path":"C:\\Users\\sdkam\\typescript-apps-portfolios\\MERN-portfolio1\\typescript-portfolio-2.0-update\\src\\features\\posts\\TimeAgo.tsx","statementMap":{"0":{"start":{"line":1,"column":0},"end":{"line":1,"column":57}},"1":{"start":{"line":6,"column":16},"end":{"line":19,"column":1}},"2":{"start":{"line":7,"column":16},"end":{"line":7,"column":18}},"3":{"start":{"line":8,"column":2},"end":{"line":12,"column":3}},"4":{"start":{"line":9,"column":17},"end":{"line":9,"column":36}},"5":{"start":{"line":10,"column":23},"end":{"line":10,"column":48}},"6":{"start":{"line":11,"column":4},"end":{"line":11,"column":34}},"7":{"start":{"line":14,"column":2},"end":{"line":18,"column":4}},"8":{"start":{"line":21,"column":0},"end":{"line":21,"column":23}}},"fnMap":{"0":{"name":"(anonymous_0)","decl":{"start":{"line":6,"column":16},"end":{"line":6,"column":17}},"loc":{"start":{"line":6,"column":48},"end":{"line":19,"column":1}}}},"branchMap":{"0":{"loc":{"start":{"line":8,"column":2},"end":{"line":12,"column":3}},"type":"if","locations":[{"start":{"line":8,"column":2},"end":{"line":12,"column":3}}]}},"s":{"0":0,"1":0,"2":0,"3":0,"4":0,"5":0,"6":0,"7":0,"8":0},"f":{"0":0},"b":{"0":[0]}}
,"C:\\Users\\sdkam\\typescript-apps-portfolios\\MERN-portfolio1\\typescript-portfolio-2.0-update\\src\\features\\posts\\postsSlice.ts": {"path":"C:\\Users\\sdkam\\typescript-apps-portfolios\\MERN-portfolio1\\typescript-portfolio-2.0-update\\src\\features\\posts\\postsSlice.ts","statementMap":{"0":{"start":{"line":1,"column":0},"end":{"line":1,"column":null}},"1":{"start":{"line":6,"column":0},"end":{"line":6,"column":36}},"2":{"start":{"line":31,"column":44},"end":{"line":35,"column":2}},"3":{"start":{"line":37,"column":13},"end":{"line":44,"column":3}},"4":{"start":{"line":38,"column":2},"end":{"line":43,"column":3}},"5":{"start":{"line":39,"column":21},"end":{"line":39,"column":46}},"6":{"start":{"line":40,"column":4},"end":{"line":40,"column":25}},"7":{"start":{"line":42,"column":4},"end":{"line":42,"column":48}},"8":{"start":{"line":54,"column":13},"end":{"line":64,"column":2}},"9":{"start":{"line":57,"column":4},"end":{"line":62,"column":5}},"10":{"start":{"line":58,"column":23},"end":{"line":58,"column":69}},"11":{"start":{"line":59,"column":6},"end":{"line":59,"column":27}},"12":{"start":{"line":61,"column":6},"end":{"line":61,"column":49}},"13":{"start":{"line":74,"column":13},"end":{"line":85,"column":2}},"14":{"start":{"line":77,"column":20},"end":{"line":77,"column":31}},"15":{"start":{"line":78,"column":4},"end":{"line":83,"column":5}},"16":{"start":{"line":79,"column":23},"end":{"line":79,"column":75}},"17":{"start":{"line":80,"column":6},"end":{"line":80,"column":27}},"18":{"start":{"line":82,"column":6},"end":{"line":82,"column":50}},"19":{"start":{"line":93,"column":13},"end":{"line":104,"column":2}},"20":{"start":{"line":96,"column":20},"end":{"line":96,"column":31}},"21":{"start":{"line":97,"column":4},"end":{"line":102,"column":5}},"22":{"start":{"line":98,"column":6},"end":{"line":98,"column":49}},"23":{"start":{"line":99,"column":6},"end":{"line":99,"column":25}},"24":{"start":{"line":101,"column":6},"end":{"line":101,"column":51}},"25":{"start":{"line":112,"column":13},"end":{"line":122,"column":2}},"26":{"start":{"line":115,"column":4},"end":{"line":120,"column":5}},"27":{"start":{"line":116,"column":23},"end":{"line":116,"column":79}},"28":{"start":{"line":117,"column":6},"end":{"line":117,"column":27}},"29":{"start":{"line":119,"column":6},"end":{"line":119,"column":52}},"30":{"start":{"line":124,"column":19},"end":{"line":173,"column":2}},"31":{"start":{"line":129,"column":4},"end":{"line":131,"column":7}},"32":{"start":{"line":130,"column":6},"end":{"line":130,"column":31}},"33":{"start":{"line":132,"column":4},"end":{"line":141,"column":6}},"34":{"start":{"line":135,"column":8},"end":{"line":135,"column":35}},"35":{"start":{"line":136,"column":8},"end":{"line":136,"column":57}},"36":{"start":{"line":142,"column":4},"end":{"line":145,"column":7}},"37":{"start":{"line":143,"column":6},"end":{"line":143,"column":30}},"38":{"start":{"line":144,"column":6},"end":{"line":144,"column":67}},"39":{"start":{"line":146,"column":4},"end":{"line":151,"column":7}},"40":{"start":{"line":147,"column":6},"end":{"line":147,"column":39}},"41":{"start":{"line":152,"column":4},"end":{"line":156,"column":7}},"42":{"start":{"line":153,"column":22},"end":{"line":153,"column":36}},"43":{"start":{"line":154,"column":29},"end":{"line":154,"column":75}},"44":{"start":{"line":154,"column":58},"end":{"line":154,"column":74}},"45":{"start":{"line":155,"column":6},"end":{"line":155,"column":56}},"46":{"start":{"line":157,"column":4},"end":{"line":161,"column":7}},"47":{"start":{"line":158,"column":22},"end":{"line":158,"column":36}},"48":{"start":{"line":159,"column":20},"end":{"line":159,"column":66}},"49":{"start":{"line":159,"column":49},"end":{"line":159,"column":65}},"50":{"start":{"line":160,"column":6},"end":{"line":160,"column":26}},"51":{"start":{"line":162,"column":4},"end":{"line":171,"column":7}},"52":{"start":{"line":163,"column":26},"end":{"line":163,"column":40}},"53":{"start":{"line":164,"column":27},"end":{"line":165,"column":null}},"54":{"start":{"line":165,"column":18},"end":{"line":165,"column":46}},"55":{"start":{"line":167,"column":6},"end":{"line":170,"column":7}},"56":{"start":{"line":168,"column":8},"end":{"line":168,"column":55}},"57":{"start":{"line":169,"column":8},"end":{"line":169,"column":61}},"58":{"start":{"line":175,"column":30},"end":{"line":175,"column":69}},"59":{"start":{"line":175,"column":52},"end":{"line":175,"column":69}},"60":{"start":{"line":175,"column":13},"end":{"line":175,"column":30}},"61":{"start":{"line":176,"column":30},"end":{"line":176,"column":70}},"62":{"start":{"line":176,"column":52},"end":{"line":176,"column":70}},"63":{"start":{"line":176,"column":13},"end":{"line":176,"column":30}},"64":{"start":{"line":177,"column":29},"end":{"line":177,"column":68}},"65":{"start":{"line":177,"column":51},"end":{"line":177,"column":68}},"66":{"start":{"line":177,"column":13},"end":{"line":177,"column":29}},"67":{"start":{"line":178,"column":30},"end":{"line":179,"column":55}},"68":{"start":{"line":179,"column":2},"end":{"line":179,"column":55}},"69":{"start":{"line":179,"column":35},"end":{"line":179,"column":54}},"70":{"start":{"line":178,"column":13},"end":{"line":178,"column":30}},"71":{"start":{"line":182,"column":13},"end":{"line":188,"column":2}},"72":{"start":{"line":184,"column":26},"end":{"line":184,"column":43}},"73":{"start":{"line":185,"column":38},"end":{"line":185,"column":44}},"74":{"start":{"line":187,"column":21},"end":{"line":187,"column":67}},"75":{"start":{"line":187,"column":44},"end":{"line":187,"column":66}},"76":{"start":{"line":190,"column":0},"end":{"line":190,"column":34}}},"fnMap":{"0":{"name":"(anonymous_0)","decl":{"start":{"line":37,"column":64},"end":{"line":37,"column":69}},"loc":{"start":{"line":37,"column":75},"end":{"line":44,"column":1}}},"1":{"name":"(anonymous_1)","decl":{"start":{"line":56,"column":2},"end":{"line":56,"column":7}},"loc":{"start":{"line":56,"column":59},"end":{"line":63,"column":3}}},"2":{"name":"(anonymous_2)","decl":{"start":{"line":76,"column":2},"end":{"line":76,"column":7}},"loc":{"start":{"line":76,"column":59},"end":{"line":84,"column":3}}},"3":{"name":"(anonymous_3)","decl":{"start":{"line":95,"column":2},"end":{"line":95,"column":7}},"loc":{"start":{"line":95,"column":59},"end":{"line":103,"column":3}}},"4":{"name":"(anonymous_4)","decl":{"start":{"line":114,"column":2},"end":{"line":114,"column":7}},"loc":{"start":{"line":114,"column":61},"end":{"line":121,"column":3}}},"5":{"name":"(anonymous_5)","decl":{"start":{"line":128,"column":17},"end":{"line":128,"column":18}},"loc":{"start":{"line":128,"column":29},"end":{"line":172,"column":3}}},"6":{"name":"(anonymous_6)","decl":{"start":{"line":129,"column":40},"end":{"line":129,"column":41}},"loc":{"start":{"line":129,"column":59},"end":{"line":131,"column":5}}},"7":{"name":"(anonymous_7)","decl":{"start":{"line":134,"column":6},"end":{"line":134,"column":7}},"loc":{"start":{"line":134,"column":47},"end":{"line":140,"column":7}}},"8":{"name":"(anonymous_8)","decl":{"start":{"line":142,"column":41},"end":{"line":142,"column":42}},"loc":{"start":{"line":142,"column":59
[...]
,"C:\\Users\\sdkam\\typescript-apps-portfolios\\MERN-portfolio1\\typescript-portfolio-2.0-update\\src\\hooks\\useLocalStorage.ts": {"path":"C:\\Users\\sdkam\\typescript-apps-portfolios\\MERN-portfolio1\\typescript-portfolio-2.0-update\\src\\hooks\\useLocalStorage.ts","statementMap":{"0":{"start":{"line":1,"column":0},"end":{"line":1,"column":44}},"1":{"start":{"line":3,"column":22},"end":{"line":17,"column":1}},"2":{"start":{"line":5,"column":2},"end":{"line":7,"column":3}},"3":{"start":{"line":6,"column":4},"end":{"line":6,"column":72}},"4":{"start":{"line":6,"column":37},"end":{"line":6,"column":72}},"5":{"start":{"line":9,"column":22},"end":{"line":9,"column":47}},"6":{"start":{"line":10,"column":2},"end":{"line":16,"column":3}},"7":{"start":{"line":11,"column":4},"end":{"line":13,"column":21}},"8":{"start":{"line":15,"column":4},"end":{"line":15,"column":35}},"9":{"start":{"line":19,"column":24},"end":{"line":34,"column":1}},"10":{"start":{"line":23,"column":28},"end":{"line":25,"column":4}},"11":{"start":{"line":24,"column":4},"end":{"line":24,"column":44}},"12":{"start":{"line":29,"column":2},"end":{"line":31,"column":19}},"13":{"start":{"line":30,"column":4},"end":{"line":30,"column":53}},"14":{"start":{"line":33,"column":2},"end":{"line":33,"column":27}},"15":{"start":{"line":36,"column":0},"end":{"line":36,"column":31}}},"fnMap":{"0":{"name":"(anonymous_0)","decl":{"start":{"line":3,"column":22},"end":{"line":3,"column":26}},"loc":{"start":{"line":3,"column":73},"end":{"line":17,"column":1}}},"1":{"name":"(anonymous_1)","decl":{"start":{"line":19,"column":24},"end":{"line":19,"column":null}},"loc":{"start":{"line":22,"column":50},"end":{"line":34,"column":1}}},"2":{"name":"(anonymous_2)","decl":{"start":{"line":23,"column":37},"end":{"line":23,"column":40}},"loc":{"start":{"line":23,"column":42},"end":{"line":25,"column":3}}},"3":{"name":"(anonymous_3)","decl":{"start":{"line":29,"column":12},"end":{"line":29,"column":15}},"loc":{"start":{"line":29,"column":17},"end":{"line":31,"column":3}}}},"branchMap":{"0":{"loc":{"start":{"line":5,"column":2},"end":{"line":7,"column":3}},"type":"if","locations":[{"start":{"line":5,"column":2},"end":{"line":7,"column":3}}]},"1":{"loc":{"start":{"line":6,"column":4},"end":{"line":6,"column":72}},"type":"if","locations":[{"start":{"line":6,"column":4},"end":{"line":6,"column":72}}]},"2":{"loc":{"start":{"line":10,"column":2},"end":{"line":16,"column":3}},"type":"if","locations":[{"start":{"line":10,"column":2},"end":{"line":16,"column":3}},{"start":{"line":14,"column":9},"end":{"line":16,"column":3}}]},"3":{"loc":{"start":{"line":11,"column":11},"end":{"line":13,"column":20}},"type":"cond-expr","locations":[{"start":{"line":12,"column":9},"end":{"line":12,"column":35}},{"start":{"line":13,"column":8},"end":{"line":13,"column":20}}]}},"s":{"0":1,"1":1,"2":1,"3":0,"4":0,"5":1,"6":1,"7":1,"8":0,"9":1,"10":2,"11":1,"12":2,"13":1,"14":2,"15":1},"f":{"0":1,"1":2,"2":1,"3":1},"b":{"0":[0],"1":[0],"2":[1,0],"3":[0,1]}}
,"C:\\Users\\sdkam\\typescript-apps-portfolios\\MERN-portfolio1\\typescript-portfolio-2.0-update\\src\\hooks\\usePasswordHideShow.ts": {"path":"C:\\Users\\sdkam\\typescript-apps-portfolios\\MERN-portfolio1\\typescript-portfolio-2.0-update\\src\\hooks\\usePasswordHideShow.ts","statementMap":{"0":{"start":{"line":1,"column":0},"end":{"line":1,"column":33}},"1":{"start":{"line":3,"column":28},"end":{"line":24,"column":1}},"2":{"start":{"line":4,"column":42},"end":{"line":4,"column":57}},"3":{"start":{"line":6,"column":26},"end":{"line":8,"column":3}},"4":{"start":{"line":7,"column":4},"end":{"line":7,"column":26}},"5":{"start":{"line":10,"column":24},"end":{"line":12,"column":3}},"6":{"start":{"line":11,"column":4},"end":{"line":11,"column":27}},"7":{"start":{"line":14,"column":27},"end":{"line":16,"column":3}},"8":{"start":{"line":15,"column":4},"end":{"line":15,"column":27}},"9":{"start":{"line":18,"column":2},"end":{"line":23,"column":4}},"10":{"start":{"line":26,"column":0},"end":{"line":26,"column":35}}},"fnMap":{"0":{"name":"(anonymous_0)","decl":{"start":{"line":3,"column":28},"end":{"line":3,"column":31}},"loc":{"start":{"line":3,"column":33},"end":{"line":24,"column":1}}},"1":{"name":"(anonymous_1)","decl":{"start":{"line":6,"column":26},"end":{"line":6,"column":29}},"loc":{"start":{"line":6,"column":31},"end":{"line":8,"column":3}}},"2":{"name":"(anonymous_2)","decl":{"start":{"line":10,"column":24},"end":{"line":10,"column":27}},"loc":{"start":{"line":10,"column":29},"end":{"line":12,"column":3}}},"3":{"name":"(anonymous_3)","decl":{"start":{"line":14,"column":27},"end":{"line":14,"column":30}},"loc":{"start":{"line":14,"column":32},"end":{"line":16,"column":3}}}},"branchMap":{},"s":{"0":3,"1":3,"2":14,"3":14,"4":0,"5":14,"6":0,"7":14,"8":0,"9":14,"10":3},"f":{"0":14,"1":0,"2":0,"3":0},"b":{}}
,"C:\\Users\\sdkam\\typescript-apps-portfolios\\MERN-portfolio1\\typescript-portfolio-2.0-update\\src\\hooks\\useWindowSize.ts": {"path":"C:\\Users\\sdkam\\typescript-apps-portfolios\\MERN-portfolio1\\typescript-portfolio-2.0-update\\src\\hooks\\useWindowSize.ts","statementMap":{"0":{"start":{"line":1,"column":0},"end":{"line":1,"column":44}},"1":{"start":{"line":3,"column":29},"end":{"line":18,"column":1}},"2":{"start":{"line":4,"column":38},"end":{"line":4,"column":65}},"3":{"start":{"line":6,"column":2},"end":{"line":15,"column":9}},"4":{"start":{"line":7,"column":34},"end":{"line":9,"column":5}},"5":{"start":{"line":8,"column":6},"end":{"line":8,"column":39}},"6":{"start":{"line":10,"column":4},"end":{"line":10,"column":61}},"7":{"start":{"line":12,"column":4},"end":{"line":14,"column":6}},"8":{"start":{"line":13,"column":6},"end":{"line":13,"column":66}},"9":{"start":{"line":17,"column":2},"end":{"line":17,"column":20}},"10":{"start":{"line":3,"column":13},"end":{"line":3,"column":29}}},"fnMap":{"0":{"name":"(anonymous_0)","decl":{"start":{"line":3,"column":29},"end":{"line":3,"column":32}},"loc":{"start":{"line":3,"column":34},"end":{"line":18,"column":1}}},"1":{"name":"(anonymous_1)","decl":{"start":{"line":6,"column":12},"end":{"line":6,"column":15}},"loc":{"start":{"line":6,"column":17},"end":{"line":15,"column":3}}},"2":{"name":"(anonymous_2)","decl":{"start":{"line":7,"column":34},"end":{"line":7,"column":37}},"loc":{"start":{"line":7,"column":39},"end":{"line":9,"column":5}}},"3":{"name":"(anonymous_3)","decl":{"start":{"line":12,"column":11},"end":{"line":12,"column":14}},"loc":{"start":{"line":12,"column":16},"end":{"line":14,"column":5}}}},"branchMap":{},"s":{"0":0,"1":0,"2":0,"3":0,"4":0,"5":0,"6":0,"7":0,"8":0,"9":0,"10":0},"f":{"0":0,"1":0,"2":0,"3":0},"b":{}}
,"C:\\Users\\sdkam\\typescript-apps-portfolios\\MERN-portfolio1\\typescript-portfolio-2.0-update\\src\\layout\\Footer.tsx": {"path":"C:\\Users\\sdkam\\typescript-apps-portfolios\\MERN-portfolio1\\typescript-portfolio-2.0-update\\src\\layout\\Footer.tsx","statementMap":{"0":{"start":{"line":2,"column":15},"end":{"line":9,"column":1}},"1":{"start":{"line":3,"column":16},"end":{"line":3,"column":26}},"2":{"start":{"line":4,"column":2},"end":{"line":8,"column":null}},"3":{"start":{"line":11,"column":0},"end":{"line":11,"column":null}}},"fnMap":{"0":{"name":"(anonymous_0)","decl":{"start":{"line":2,"column":15},"end":{"line":2,"column":18}},"loc":{"start":{"line":2,"column":20},"end":{"line":9,"column":1}}}},"branchMap":{},"s":{"0":0,"1":0,"2":0,"3":0},"f":{"0":0},"b":{}}
,"C:\\Users\\sdkam\\typescript-apps-portfolios\\MERN-portfolio1\\typescript-portfolio-2.0-update\\src\\layout\\Header.tsx": {"path":"C:\\Users\\sdkam\\typescript-apps-portfolios\\MERN-portfolio1\\typescript-portfolio-2.0-update\\src\\layout\\Header.tsx","statementMap":{"0":{"start":{"line":1,"column":0},"end":{"line":1,"column":53}},"1":{"start":{"line":3,"column":0},"end":{"line":3,"column":41}},"2":{"start":{"line":4,"column":0},"end":{"line":4,"column":50}},"3":{"start":{"line":6,"column":0},"end":{"line":6,"column":33}},"4":{"start":{"line":7,"column":0},"end":{"line":7,"column":40}},"5":{"start":{"line":8,"column":0},"end":{"line":8,"column":55}},"6":{"start":{"line":9,"column":0},"end":{"line":9,"column":46}},"7":{"start":{"line":10,"column":0},"end":{"line":10,"column":56}},"8":{"start":{"line":11,"column":0},"end":{"line":11,"column":57}},"9":{"start":{"line":13,"column":15},"end":{"line":107,"column":1}},"10":{"start":{"line":14,"column":36},"end":{"line":14,"column":51}},"11":{"start":{"line":15,"column":21},"end":{"line":15,"column":36}},"12":{"start":{"line":16,"column":15},"end":{"line":16,"column":41}},"13":{"start":{"line":18,"column":17},"end":{"line":18,"column":28}},"14":{"start":{"line":19,"column":19},"end":{"line":19,"column":32}},"15":{"start":{"line":20,"column":23},"end":{"line":27,"column":3}},"16":{"start":{"line":21,"column":4},"end":{"line":26,"column":5}},"17":{"start":{"line":22,"column":6},"end":{"line":22,"column":21}},"18":{"start":{"line":23,"column":6},"end":{"line":23,"column":28}},"19":{"start":{"line":25,"column":6},"end":{"line":25,"column":44}},"20":{"start":{"line":29,"column":23},"end":{"line":36,"column":3}},"21":{"start":{"line":30,"column":4},"end":{"line":32,"column":5}},"22":{"start":{"line":31,"column":6},"end":{"line":31,"column":36}},"23":{"start":{"line":31,"column":29},"end":{"line":31,"column":34}},"24":{"start":{"line":33,"column":4},"end":{"line":35,"column":5}},"25":{"start":{"line":34,"column":6},"end":{"line":34,"column":57}},"26":{"start":{"line":37,"column":21},"end":{"line":44,"column":3}},"27":{"start":{"line":38,"column":4},"end":{"line":40,"column":5}},"28":{"start":{"line":39,"column":6},"end":{"line":39,"column":36}},"29":{"start":{"line":39,"column":29},"end":{"line":39,"column":34}},"30":{"start":{"line":41,"column":4},"end":{"line":43,"column":5}},"31":{"start":{"line":42,"column":6},"end":{"line":42,"column":59}},"32":{"start":{"line":45,"column":22},"end":{"line":52,"column":3}},"33":{"start":{"line":46,"column":4},"end":{"line":48,"column":5}},"34":{"start":{"line":47,"column":6},"end":{"line":47,"column":36}},"35":{"start":{"line":47,"column":29},"end":{"line":47,"column":34}},"36":{"start":{"line":49,"column":4},"end":{"line":51,"column":5}},"37":{"start":{"line":50,"column":6},"end":{"line":50,"column":46}},"38":{"start":{"line":54,"column":2},"end":{"line":106,"column":4}},"39":{"start":{"line":71,"column":14},"end":{"line":71,"column":69}},"40":{"start":{"line":71,"column":56},"end":{"line":71,"column":61}},"41":{"start":{"line":88,"column":16},"end":{"line":88,"column":71}},"42":{"start":{"line":88,"column":58},"end":{"line":88,"column":63}},"43":{"start":{"line":109,"column":0},"end":{"line":109,"column":22}}},"fnMap":{"0":{"name":"(anonymous_0)","decl":{"start":{"line":13,"column":15},"end":{"line":13,"column":18}},"loc":{"start":{"line":13,"column":20},"end":{"line":107,"column":1}}},"1":{"name":"(anonymous_1)","decl":{"start":{"line":20,"column":23},"end":{"line":20,"column":28}},"loc":{"start":{"line":20,"column":34},"end":{"line":27,"column":3}}},"2":{"name":"(anonymous_2)","decl":{"start":{"line":29,"column":23},"end":{"line":29,"column":26}},"loc":{"start":{"line":29,"column":28},"end":{"line":36,"column":3}}},"3":{"name":"(anonymous_3)","decl":{"start":{"line":31,"column":19},"end":{"line":31,"column":20}},"loc":{"start":{"line":31,"column":29},"end":{"line":31,"column":34}}},"4":{"name":"(anonymous_4)","decl":{"start":{"line":37,"column":21},"end":{"line":37,"column":24}},"loc":{"start":{"line":37,"column":26},"end":{"line":44,"column":3}}},"5":{"name":"(anonymous_5)","decl":{"start":{"line":39,"column":19},"end":{"line":39,"column":20}},"loc":{"start":{"line":39,"column":29},"end":{"line":39,"column":34}}},"6":{"name":"(anonymous_6)","decl":{"start":{"line":45,"column":22},"end":{"line":45,"column":25}},"loc":{"start":{"line":45,"column":27},"end":{"line":52,"column":3}}},"7":{"name":"(anonymous_7)","decl":{"start":{"line":47,"column":19},"end":{"line":47,"column":20}},"loc":{"start":{"line":47,"column":29},"end":{"line":47,"column":34}}},"8":{"name":"(anonymous_8)","decl":{"start":{"line":70,"column":21},"end":{"line":70,"column":24}},"loc":{"start":{"line":71,"column":14},"end":{"line":71,"column":69}}},"9":{"name":"(anonymous_9)","decl":{"start":{"line":71,"column":46},"end":{"line":71,"column":47}},"loc":{"start":{"line":71,"column":56},"end":{"line":71,"column":61}}},"10":{"name":"(anonymous_10)","decl":{"start":{"line":87,"column":23},"end":{"line":87,"column":26}},"loc":{"start":{"line":88,"column":16},"end":{"line":88,"column":71}}},"11":{"name":"(anonymous_11)","decl":{"start":{"line":88,"column":48},"end":{"line":88,"column":49}},"loc":{"start":{"line":88,"column":58},"end":{"line":88,"column":63}}}},"branchMap":{"0":{"loc":{"start":{"line":30,"column":4},"end":{"line":32,"column":5}},"type":"if","locations":[{"start":{"line":30,"column":4},"end":{"line":32,"column":5}}]},"1":{"loc":{"start":{"line":33,"column":4},"end":{"line":35,"column":5}},"type":"if","locations":[{"start":{"line":33,"column":4},"end":{"line":35,"column":5}}]},"2":{"loc":{"start":{"line":38,"column":4},"end":{"line":40,"column":5}},"type":"if","locations":[{"start":{"line":38,"column":4},"end":{"line":40,"column":5}}]},"3":{"loc":{"start":{"line":41,"column":4},"end":{"line":43,"column":5}},"type":"if","locations":[{"start":{"line":41,"column":4},"end":{"line":43,"column":5}}]},"4":{"loc":{"start":{"line":46,"column":4},"end":{"line":48,"column":5}},"type":"if","locations":[{"start":{"line":46,"column":4},"end":{"line":48,"column":5}}]},"5":{"loc":{"start":{"line":49,"column":4},"end":{"line":51,"column":5}},"type":"if","locations":[{"start":{"line":49,"column":4},"end":{"line":51,"column":5}}]},"6":{"loc":{"start":{"line":62,"column":7},"end":{"line":65,"column":null}},"type":"binary-expr","locations":[{"start":{"line":62,"column":7},"end":{"line":62,"column":23}},{"start":{"line":62,"column":27},"end":{"line":62,"column":40}},{"start":{"line":63,"column":8},"end":{"line":63,"column":null}}]},"7":{"loc":{"start":{"line":68,"column":27},"end":{"line":68,"column":58}},"type":"cond-expr","locations":[{"start":{"line":68,"column":39},"end":{"line":68,"column":53}},{"start":{"line":68,"column":56},"end":{"line":68,"column":58}}]},"8":{"loc":{"start":{"line":71,"column":14},"end":{"line":71,"column":69}},"type":"cond-expr","locations":[{"start":{"line":71,"column":33},"end":{"line":71,"column":62}},{"start":{"line":71,"column":65},"end":{"line":71,"column":69}}]},"9":{"loc":{"start":{"line":77,"column":22},"end":{"line":77,"column":51}},"type":"cond-expr","locations":[{"start":{"line":77,"column":38},"end":{"line":77,"column":45}},{"start":{"line":77,"column":48},"end":{"line":77,"column":51}}]},"10":{"loc":{"start":{"line":80,"column":22},"end":{"line":80,"column":51}},"type":"cond-expr","locations":[{"start":{"line":80,"column":38},"end":{"line":80,"column":45}},{"start":{"line":80,"column":48},"end":{"line":80,"column":51}}]},"11":{"loc":{"start":{"line":83,"column":22},"end":{"line":83,"column":52}},"type":"cond-expr","locations":[{"start":{"line":83,"column":38},"end":{"line":83,"column":46}},{"start":{"line":83,"column":49},"end":{"line":83,"column":52}}]},"12":{"loc":{"start":{"line":85,"column":11},"end":{"line":98,"column":null}},"type":"binary-expr","locations":[{"start":{"line":85,"column":11},"end":{"line":85,"column":28}},{"start":{"line":86,"column":12},"end":{"line":97,"column":null}}]},"13":{"loc":{"start":{"line":88,"column":16},"end":{"line":88,"column":71}},"type":"cond-expr","locations":[{"start":{"line":88,"column":35},"end":{"line":88,"column":64}},{"start":{"line":88,"column":67},"end":{"line":88,"column":71}}]},"14":{"loc":{"start":{"line":91,"column":24},"end":{"line":91,"column":57}},"type":"cond-expr","locations":[{"start":{"line":91,"column":43},"end":{"line":91,"column":46}},{"start":{"line":91,"column":49},"end":{"line":91,"column":57}}]},"15":{"loc":{"start":{"line":92,"column":17},"end":{"line":95,"column":null}},"type":"cond-expr","locations":[{"start":{"line":93,"column":18},"end":{"line":93,"column":64}},{"start":{"line":95,"column":18},"end":{"line":95,"column":40}}]}},"s":{"0":0,"1":0,"2":0,"3":0,"4":0,"5":0,"6":0,"7":0,"8":0,"9":0,"10":0,"11":0,"12":0,"13":0,"14":0,"15":0,"16":0,"17":0,"18":0,"19":0,"20":0,"21":0,"22":0,"23":0,"24":0,"25":0,"26":0,"27":0,"28":0,"29":0,"30":0,"31":0,"32":0,"33":0,"34":0,"35":0,"36":0,"37":0,"38":0,"39":0,"40":0,"41":0,"42":0,"43":0},"f":{"0":0,"1":0,"2":0,"3":0,"4":0,"5":0,"6":0,"7":0,"8":0,"9":0,"10":0,"11":0},"b":{"0":[0],"1":[0],"2":[0],"3":[0],"4":[0],"5":[0],"6":[0,0,0],"7":[0,0],"8":[0,0],"9":[0,0],"10":[0,0],"11":[0,0],"12":[0,0],"13":[0,0],"14":[0,0],"15":[0,0]}}
,"C:\\Users\\sdkam\\typescript-apps-portfolios\\MERN-portfolio1\\typescript-portfolio-2.0-update\\src\\layout\\Layout.tsx": {"path":"C:\\Users\\sdkam\\typescript-apps-portfolios\\MERN-portfolio1\\typescript-portfolio-2.0-update\\src\\layout\\Layout.tsx","statementMap":{"0":{"start":{"line":1,"column":0},"end":{"line":1,"column":38}},"1":{"start":{"line":2,"column":0},"end":{"line":2,"column":30}},"2":{"start":{"line":3,"column":0},"end":{"line":3,"column":30}},"3":{"start":{"line":5,"column":15},"end":{"line":13,"column":1}},"4":{"start":{"line":6,"column":2},"end":{"line":12,"column":4}},"5":{"start":{"line":15,"column":0},"end":{"line":15,"column":22}}},"fnMap":{"0":{"name":"(anonymous_0)","decl":{"start":{"line":5,"column":15},"end":{"line":5,"column":18}},"loc":{"start":{"line":5,"column":20},"end":{"line":13,"column":1}}}},"branchMap":{},"s":{"0":0,"1":0,"2":0,"3":0,"4":0,"5":0},"f":{"0":0},"b":{}}
,"C:\\Users\\sdkam\\typescript-apps-portfolios\\MERN-portfolio1\\typescript-portfolio-2.0-update\\src\\lib\\types.ts": {"path":"C:\\Users\\sdkam\\typescript-apps-portfolios\\MERN-portfolio1\\typescript-portfolio-2.0-update\\src\\lib\\types.ts","statementMap":{"0":{"start":{"line":1,"column":0},"end":{"line":1,"column":24}},"1":{"start":{"line":3,"column":19},"end":{"line":3,"column":44}},"2":{"start":{"line":4,"column":18},"end":{"line":4,"column":75}},"3":{"start":{"line":5,"column":13},"end":{"line":24,"column":5}},"4":{"start":{"line":21,"column":20},"end":{"line":21,"column":46}},"5":{"start":{"line":27,"column":13},"end":{"line":30,"column":3}},"6":{"start":{"line":33,"column":13},"end":{"line":36,"column":3}},"7":{"start":{"line":41,"column":13},"end":{"line":44,"column":3}}},"fnMap":{"0":{"name":"(anonymous_0)","decl":{"start":{"line":21,"column":10},"end":{"line":21,"column":11}},"loc":{"start":{"line":21,"column":20},"end":{"line":21,"column":46}}}},"branchMap":{},"s":{"0":2,"1":2,"2":2,"3":2,"4":2,"5":2,"6":2,"7":2},"f":{"0":2},"b":{}}
}
